#
# A fatal error has been detected by the Java Runtime Environment:
#
#  EXCEPTION_ACCESS_VIOLATION (0xc0000005) at pc=0x000002586af991c2, pid=18956, tid=15576
#
# JRE version: OpenJDK Runtime Environment (21.0.1+12) (build 21.0.1+12-29)
# Java VM: OpenJDK 64-Bit Server VM (21.0.1+12-29, mixed mode, emulated-client, sharing, tiered, compressed oops, compressed class ptrs, g1 gc, windows-amd64)
# Problematic frame:
# J 6166 c1 java.nio.channels.spi.AbstractSelector.begin()V java.base@21.0.1 (48 bytes) @ 0x000002586af991c2 [0x000002586af990e0+0x00000000000000e2]
#
# No core dump will be written. Minidumps are not enabled by default on client versions of Windows
#
# If you would like to submit a bug report, please visit:
#   https://bugreport.java.com/bugreport/crash.jsp
#

---------------  S U M M A R Y ------------

Command Line: -XX:TieredStopAtLevel=1 -Dspring.output.ansi.enabled=always -Dcom.sun.management.jmxremote -Dspring.jmx.enabled=true -Dspring.liveBeansView.mbeanDomain -Dspring.application.admin.enabled=true -Dmanagement.endpoints.jmx.exposure.include=* -javaagent:C:\Program Files\JetBrains\IntelliJ IDEA 2024.2.1\lib\idea_rt.jar=57968:C:\Program Files\JetBrains\IntelliJ IDEA 2024.2.1\bin -Dfile.encoding=UTF-8 -Dsun.stdout.encoding=UTF-8 -Dsun.stderr.encoding=UTF-8 ru.alex.invoiceApp.InvoiceAppApplication

Host: AMD Ryzen 7 2700X Eight-Core Processor         , 16 cores, 15G,  Windows 10 , 64 bit Build 19041 (10.0.19041.5072)
Time: Thu Dec  5 18:23:21 2024 RTZ 2 (s 10 , 64 bit Build 19041 (10.0.19041.5072) elapsed time: 76650.848610 seconds (0d 21h 17m 30s)

---------------  T H R E A D  ---------------

Current thread (0x000002587d54dfa0):  JavaThread "http-nio-8080-Poller" daemon [_thread_in_Java, id=15576, stack(0x000000d438000000,0x000000d438100000) (1024K)]

Stack: [0x000000d438000000,0x000000d438100000],  sp=0x000000d4380ff200,  free space=1020k
Native frames: (J=compiled Java code, j=interpreted, Vv=VM code, C=native code)
C  0x000002586af991c2

The last pc belongs to nmethod (printed below).

siginfo: EXCEPTION_ACCESS_VIOLATION (0xc0000005), writing address 0x0000000000000018


Registers:
RAX=0x00000007043d40e0, RBX=0x00000258787cf128, RCX=0x0000000000000000, RDX=0x0000000000000000
RSP=0x000000d4380ff200, RBP=0x000000d4380ff4f0, RSI=0x0000000702fd51e8, RDI=0x00000007043d40f0
R8 =0x0000000000000000, R9 =0x00000000000003e8, R10=0x00000000e087a81c, R11=0x0000025800000000
R12=0x0000000000000000, R13=0x000000d4380ff488, R14=0x000000d4380ff520, R15=0x000002587d54dfa0
RIP=0x000002586af991c2, EFLAGS=0x0000000000010212


Register to memory mapping:

RAX=0x00000007043d40e0 is an oop: java.nio.channels.spi.AbstractSelector$1 
{0x00000007043d40e0} - klass: 'java/nio/channels/spi/AbstractSelector$1'
 - ---- fields (total size 2 words):
 - final synthetic 'this$0' 'Ljava/nio/channels/spi/AbstractSelector;' @12  null (0x00000000)
RBX={method} {0x00000258787cf130} 'select' '(J)I' in 'sun/nio/ch/SelectorImpl'
RCX=0x0 is null
RDX=0x0 is null
RSP=0x000000d4380ff200 is pointing into the stack for thread: 0x000002587d54dfa0
RBP=0x000000d4380ff4f0 is pointing into the stack for thread: 0x000002587d54dfa0
RSI=0x0000000702fd51e8 is an oop: java.util.ArrayDeque 
{0x0000000702fd51e8} - klass: 'java/util/ArrayDeque'
 - ---- fields (total size 3 words):
 - transient 'head' 'I' @12  9 (0x00000009)
 - transient 'tail' 'I' @16  9 (0x00000009)
 - transient 'elements' '[Ljava/lang/Object;' @20  a 'java/lang/Object'[17] {0x0000000702fd5200} (0xe05faa40)
RDI=
[error occurred during error reporting (printing register info), id 0xc0000005, EXCEPTION_ACCESS_VIOLATION (0xc0000005) at pc=0x00007ffa290ce1f1]
R8 =0x0 is null
R9 =0x00000000000003e8 is an unknown value
R10=3766986780 is a compressed pointer to object: java.nio.channels.spi.AbstractSelector$1 
{0x00000007043d40e0} - klass: 'java/nio/channels/spi/AbstractSelector$1'
 - ---- fields (total size 2 words):
 - final synthetic 'this$0' 'Ljava/nio/channels/spi/AbstractSelector;' @12  null (0x00000000)
R11=0x0000025800000000 is pointing into metadata
R12=0x0 is null
R13=0x000000d4380ff488 is pointing into the stack for thread: 0x000002587d54dfa0
R14=0x000000d4380ff520 is pointing into the stack for thread: 0x000002587d54dfa0
R15=0x000002587d54dfa0 is a thread

Top of Stack: (sp=0x000000d4380ff200)
0x000000d4380ff200:   000000d4380ff268 00000007043d40a8
0x000000d4380ff210:   0000000000000000 00000007043d40a8
0x000000d4380ff220:   000000d4380ff4f0 000002586ae85a84
0x000000d4380ff230:   00000007043d40a8 00000000000003e8
0x000000d4380ff240:   00000007024e8da0 0000000702fd51e8
0x000000d4380ff250:   0000000000000000 0000000000000009
0x000000d4380ff260:   0000000702fd51e8 0000000000000009
0x000000d4380ff270:   0000000702fd5158 000000d4380ff520
0x000000d4380ff280:   000000d4380ff4f0 000002586af9aaa4
0x000000d4380ff290:   0000025800000000 00000258001cafd8
0x000000d4380ff2a0:   0000000000000000 0000000000000000
0x000000d4380ff2b0:   000000070420ce68 0000000703054868
0x000000d4380ff2c0:   000000d4380ff2f0 00007ffa2937fd46
0x000000d4380ff2d0:   0000000703054868 00000007043d40a8
0x000000d4380ff2e0:   0000000703054890 00000007043d4090
0x000000d4380ff2f0:   000000d4380ff4f0 000002586ab0029c
0x000000d4380ff300:   00000007043d4090 0000000000000000
0x000000d4380ff310:   00000007024e8da0 00000001000003e8
0x000000d4380ff320:   0000000000000000 00007ffa29653b5f
0x000000d4380ff330:   0000025800000000 0000000704e70098
0x000000d4380ff340:   00000007043d4090 000002587d54dfa0
0x000000d4380ff350:   000000d4380ff4f0 000002586af9a084
0x000000d4380ff360:   01db47299e939ace 0000000000000000
0x000000d4380ff370:   0000020000000000 000000d4380ff4f0
0x000000d4380ff380:   000000d4380ff4a8 000000d4380ff4a8
0x000000d4380ff390:   000002586a4248f1 000002586a418190
0x000000d4380ff3a0:   0000000000000000 0000020000000000
0x000000d4380ff3b0:   00000007024e8da0 00000007024e8e00
0x000000d4380ff3c0:   0000019396dc53d4 00007ffa293649dd
0x000000d4380ff3d0:   000002587951c228 000002587951c17e
0x000000d4380ff3e0:   0000000000000009 00000007024e8da0
0x000000d4380ff3f0:   0000000000000009 00000007024e8e00 

Instructions: (pc=0x000002586af991c2)
0x000002586af990c2:   0e 30 01 7c 32 ff 0d 48 0c 31 00 00 00 00 00 00
0x000002586af990d2:   00 00 00 00 00 00 00 00 00 00 00 00 00 00 44 8b
0x000002586af990e2:   52 08 49 bb 00 00 00 00 58 02 00 00 4d 03 d3 4c
0x000002586af990f2:   3b d0 0f 85 86 56 4c ff 66 0f 1f 44 00 00 89 84
0x000002586af99102:   24 00 80 ff ff 55 48 81 ec 80 00 00 00 90 41 81
0x000002586af99112:   7f 20 07 00 00 00 74 05 e8 41 bc 4a ff 4c 8b c2
0x000002586af99122:   41 8b 50 18 48 c1 e2 03 48 83 fa 00 0f 85 a6 00
0x000002586af99132:   00 00 48 ba a0 da 47 01 58 02 00 00 49 8b 87 b8
0x000002586af99142:   01 00 00 48 8d 78 10 49 3b bf c8 01 00 00 0f 87
0x000002586af99152:   21 02 00 00 49 89 bf b8 01 00 00 48 c7 00 01 00
0x000002586af99162:   00 00 48 8b ca 49 ba 00 00 00 00 58 02 00 00 49
0x000002586af99172:   2b ca 89 48 08 48 33 c9 89 48 0c 48 33 c9 41 0f
0x000002586af99182:   be 57 40 83 fa 00 0f 85 f6 01 00 00 4d 8b d0 49
0x000002586af99192:   c1 ea 03 44 89 50 0c 48 8b d0 49 33 d0 48 c1 ea
0x000002586af991a2:   15 48 83 fa 00 0f 85 f6 01 00 00 41 0f be 57 40
0x000002586af991b2:   83 fa 00 0f 85 00 02 00 00 4c 8b d0 49 c1 ea 03
0x000002586af991c2:   45 89 50 18 49 8b d0 48 33 d0 48 c1 ea 15 48 83
0x000002586af991d2:   fa 00 0f 85 01 02 00 00 41 8b 50 18 48 c1 e2 03
0x000002586af991e2:   48 b8 e8 16 01 01 07 00 00 00 8b 40 7c 48 c1 e0
0x000002586af991f2:   03 48 83 f8 00 0f 84 29 00 00 00 48 b9 88 81 01
0x000002586af99202:   00 58 02 00 00 8b 58 08 49 ba 00 00 00 00 58 02
0x000002586af99212:   00 00 49 03 da 48 3b 4b 38 0f 85 d2 01 00 00 e9
0x000002586af99222:   00 00 00 00 48 8b f0 48 3b 00 49 8b 87 80 03 00
0x000002586af99232:   00 48 8b 30 8b 7e 58 48 c1 e7 03 48 8d 5c 24 68
0x000002586af99242:   48 89 7b 08 48 8b 07 48 83 c8 01 48 89 03 f0 48
0x000002586af99252:   0f b1 1f 0f 84 12 00 00 00 48 2b c4 48 25 07 f0
0x000002586af99262:   ff ff 48 89 03 0f 85 9a 01 00 00 49 ff 87 50 05
0x000002586af99272:   00 00 41 0f be 47 40 83 f8 00 0f 85 98 01 00 00
0x000002586af99282:   4c 8b d2 49 c1 ea 03 44 89 56 60 f0 83 44 24 c0
0x000002586af99292:   00 48 8b c6 48 33 c2 48 c1 e8 15 48 83 f8 00 0f
0x000002586af992a2:   85 92 01 00 00 48 8d 44 24 68 48 8b 10 48 85 d2
0x000002586af992b2:   0f 84 0f 00 00 00 48 8b 70 08 f0 48 0f b1 16 0f 


Stack slot to memory mapping:

stack at sp + 0 slots: 0x000000d4380ff268 is pointing into the stack for thread: 0x000002587d54dfa0
stack at sp + 1 slots: 0x00000007043d40a8 is an oop: java.util.concurrent.ConcurrentHashMap$KeyIterator 
{0x00000007043d40a8} - klass: 'java/util/concurrent/ConcurrentHashMap$KeyIterator'
 - ---- fields (total size 7 words):
 - 'index' 'I' @12  16 (0x00000010)
 - 'baseIndex' 'I' @16  16 (0x00000010)
 - 'baseLimit' 'I' @20  16 (0x00000010)
 - final 'baseSize' 'I' @24  16 (0x00000010)
 - 'tab' '[Ljava/util/concurrent/ConcurrentHashMap$Node;' @28  a 'java/util/concurrent/ConcurrentHashMap$Node'[16] {0x00000007030548d0} (0xe060a91a)
 - 'next' 'Ljava/util/concurrent/ConcurrentHashMap$Node;' @32  null (0x00000000)
 - 'stack' 'Ljava/util/concurrent/ConcurrentHashMap$TableStack;' @36  null (0x00000000)
 - 'spare' 'Ljava/util/concurrent/ConcurrentHashMap$TableStack;' @40  null (0x00000000)
 - final 'map' 'Ljava/util/concurrent/ConcurrentHashMap;' @44  a 'java/util/concurrent/ConcurrentHashMap'{0x0000000703054890} (0xe060a912)
 - 'lastReturned' 'Ljava/util/concurrent/ConcurrentHashMap$Node;' @48  null (0x00000000)
stack at sp + 2 slots: 0x0 is null
stack at sp + 3 slots: 0x00000007043d40a8 is an oop: java.util.concurrent.ConcurrentHashMap$KeyIterator 
{0x00000007043d40a8} - klass: 'java/util/concurrent/ConcurrentHashMap$KeyIterator'
 - ---- fields (total size 7 words):
 - 'index' 'I' @12  16 (0x00000010)
 - 'baseIndex' 'I' @16  16 (0x00000010)
 - 'baseLimit' 'I' @20  16 (0x00000010)
 - final 'baseSize' 'I' @24  16 (0x00000010)
 - 'tab' '[Ljava/util/concurrent/ConcurrentHashMap$Node;' @28  a 'java/util/concurrent/ConcurrentHashMap$Node'[16] {0x00000007030548d0} (0xe060a91a)
 - 'next' 'Ljava/util/concurrent/ConcurrentHashMap$Node;' @32  null (0x00000000)
 - 'stack' 'Ljava/util/concurrent/ConcurrentHashMap$TableStack;' @36  null (0x00000000)
 - 'spare' 'Ljava/util/concurrent/ConcurrentHashMap$TableStack;' @40  null (0x00000000)
 - final 'map' 'Ljava/util/concurrent/ConcurrentHashMap;' @44  a 'java/util/concurrent/ConcurrentHashMap'{0x0000000703054890} (0xe060a912)
 - 'lastReturned' 'Ljava/util/concurrent/ConcurrentHashMap$Node;' @48  null (0x00000000)
stack at sp + 4 slots: 0x000000d4380ff4f0 is pointing into the stack for thread: 0x000002587d54dfa0
stack at sp + 5 slots: 0x000002586ae85a84 is at entry_point+324 in (nmethod*)0x000002586ae85790
Compiled method (c1) 76650869 5023       1       java.util.concurrent.ConcurrentHashMap$KeySetView::iterator (34 bytes)
 total in heap  [0x000002586ae85790,0x000002586ae85c88] = 1272
 relocation     [0x000002586ae858f0,0x000002586ae85940] = 80
 main code      [0x000002586ae85940,0x000002586ae85b30] = 496
 stub code      [0x000002586ae85b30,0x000002586ae85b80] = 80
 metadata       [0x000002586ae85b80,0x000002586ae85b98] = 24
 scopes data    [0x000002586ae85b98,0x000002586ae85bf8] = 96
 scopes pcs     [0x000002586ae85bf8,0x000002586ae85c68] = 112
 dependencies   [0x000002586ae85c68,0x000002586ae85c70] = 8
 nul chk table  [0x000002586ae85c70,0x000002586ae85c88] = 24
stack at sp + 6 slots: 0x00000007043d40a8 is an oop: java.util.concurrent.ConcurrentHashMap$KeyIterator 
{0x00000007043d40a8} - klass: 'java/util/concurrent/ConcurrentHashMap$KeyIterator'
 - ---- fields (total size 7 words):
 - 'index' 'I' @12  16 (0x00000010)
 - 'baseIndex' 'I' @16  16 (0x00000010)
 - 'baseLimit' 'I' @20  16 (0x00000010)
 - final 'baseSize' 'I' @24  16 (0x00000010)
 - 'tab' '[Ljava/util/concurrent/ConcurrentHashMap$Node;' @28  a 'java/util/concurrent/ConcurrentHashMap$Node'[16] {0x00000007030548d0} (0xe060a91a)
 - 'next' 'Ljava/util/concurrent/ConcurrentHashMap$Node;' @32  null (0x00000000)
 - 'stack' 'Ljava/util/concurrent/ConcurrentHashMap$TableStack;' @36  null (0x00000000)
 - 'spare' 'Ljava/util/concurrent/ConcurrentHashMap$TableStack;' @40  null (0x00000000)
 - final 'map' 'Ljava/util/concurrent/ConcurrentHashMap;' @44  a 'java/util/concurrent/ConcurrentHashMap'{0x0000000703054890} (0xe060a912)
 - 'lastReturned' 'Ljava/util/concurrent/ConcurrentHashMap$Node;' @48  null (0x00000000)
stack at sp + 7 slots: 0x00000000000003e8 is an unknown value


Compiled method (c1) 76650873 6166       1       java.nio.channels.spi.AbstractSelector::begin (48 bytes)
 total in heap  [0x000002586af98f10,0x000002586af996a0] = 1936
 relocation     [0x000002586af99070,0x000002586af990d0] = 96
 main code      [0x000002586af990e0,0x000002586af994c0] = 992
 stub code      [0x000002586af994c0,0x000002586af99508] = 72
 metadata       [0x000002586af99508,0x000002586af99550] = 72
 scopes data    [0x000002586af99550,0x000002586af995c8] = 120
 scopes pcs     [0x000002586af995c8,0x000002586af99668] = 160
 dependencies   [0x000002586af99668,0x000002586af99678] = 16
 nul chk table  [0x000002586af99678,0x000002586af996a0] = 40

[Constant Pool (empty)]

[MachCode]
[Entry Point]
  # {method} {0x00000258787d0f60} 'begin' '()V' in 'java/nio/channels/spi/AbstractSelector'
  #           [sp+0x90]  (sp of caller)
  0x000002586af990e0: 448b 5208 | 49bb 0000 | 0000 5802 | 0000 4d03 | d34c 3bd0 

  0x000002586af990f4: ;   {runtime_call ic_miss_stub}
  0x000002586af990f4: 0f85 8656 | 4cff 660f | 1f44 0000 
[Verified Entry Point]
  0x000002586af99100: 8984 2400 | 80ff ff55 | 4881 ec80 | 0000 0090 | 4181 7f20 | 0700 0000 

  0x000002586af99118: ;   {runtime_call StubRoutines (final stubs)}
  0x000002586af99118: 7405 e841 | bc4a ff4c | 8bc2 418b | 5018 48c1 | e203 4883 | fa00 0f85 | a600 0000 

  0x000002586af99134: ;   {metadata('java/nio/channels/spi/AbstractSelector$1')}
  0x000002586af99134: 48ba a0da | 4701 5802 | 0000 498b | 87b8 0100 | 0048 8d78 | 1049 3bbf | c801 0000 | 0f87 2102 
  0x000002586af99154: 0000 4989 | bfb8 0100 | 0048 c700 | 0100 0000 | 488b ca49 | ba00 0000 | 0058 0200 | 0049 2bca 
  0x000002586af99174: 8948 0848 | 33c9 8948 | 0c48 33c9 | 410f be57 | 4083 fa00 | 0f85 f601 | 0000 4d8b | d049 c1ea 
  0x000002586af99194: 0344 8950 | 0c48 8bd0 | 4933 d048 | c1ea 1548 | 83fa 000f | 85f6 0100 | 0041 0fbe | 5740 83fa 
  0x000002586af991b4: 000f 8500 | 0200 004c | 8bd0 49c1 | ea03 4589 | 5018 498b | d048 33d0 | 48c1 ea15 | 4883 fa00 
  0x000002586af991d4: 0f85 0102 | 0000 418b | 5018 48c1 

  0x000002586af991e0: ;   {oop(a 'java/lang/Class'{0x00000007010116e8} = 'jdk/internal/access/SharedSecrets')}
  0x000002586af991e0: e203 48b8 | e816 0101 | 0700 0000 | 8b40 7c48 | c1e0 0348 | 83f8 000f | 8429 0000 

  0x000002586af991fc: ;   {metadata('java/lang/System$2')}
  0x000002586af991fc: 0048 b988 | 8101 0058 | 0200 008b | 5808 49ba | 0000 0000 | 5802 0000 | 4903 da48 | 3b4b 380f 
  0x000002586af9921c: 85d2 0100 | 00e9 0000 | 0000 488b | f048 3b00 | 498b 8780 | 0300 0048 | 8b30 8b7e | 5848 c1e7 
  0x000002586af9923c: 0348 8d5c | 2468 4889 | 7b08 488b | 0748 83c8 | 0148 8903 | f048 0fb1 | 1f0f 8412 | 0000 0048 
  0x000002586af9925c: 2bc4 4825 | 07f0 ffff | 4889 030f | 859a 0100 | 0049 ff87 | 5005 0000 | 410f be47 | 4083 f800 
  0x000002586af9927c: 0f85 9801 | 0000 4c8b | d249 c1ea | 0344 8956 | 60f0 8344 | 24c0 0048 | 8bc6 4833 | c248 c1e8 
  0x000002586af9929c: 1548 83f8 | 000f 8592 | 0100 0048 | 8d44 2468 | 488b 1048 | 85d2 0f84 | 0f00 0000 | 488b 7008 
  0x000002586af992bc: f048 0fb1 | 160f 858a | 0100 0049 | ff8f 5005 | 0000 498b | 9780 0300 | 0048 8b12 

  0x000002586af992d8: ; implicit exception: dispatches to 0x000002586af99464
  0x000002586af992d8: 0fbe 723a | 83e6 0183 | fe00 0f84 | 2c00 0000 | 418b 7018 | 48c1 e603 | 4c8b c248 | 8bd6 0f1f 
  0x000002586af992f8: 8000 0000 

  0x000002586af992fc: ;   {no_reloc}
  0x000002586af992fc: 0048 b8ff | ffff ffff 

  0x000002586af99304: ;   {virtual_call}
  0x000002586af99304: ffff ffe8 

  0x000002586af99308: ; ImmutableOopMap {}
                      ;*invokeinterface interrupt {reexecute=0 rethrow=0 return_oop=0}
                      ; - java.nio.channels.spi.AbstractSelector::begin@42 (line 237)
  0x000002586af99308: 745a 4cff 

  0x000002586af9930c: ;   {other}
  0x000002586af9930c: 0f1f 8400 | fc03 0000 | 4881 c480 | 0000 005d 

  0x000002586af9931c: ;   {poll_return}
  0x000002586af9931c: 493b a750 | 0400 000f | 8740 0100 | 00c3 498b | 8700 0500 | 004d 33d2 | 4d89 9700 | 0500 004d 
  0x000002586af9933c: 33d2 4d89 | 9708 0500 | 0048 8bf0 | 488d 4424 | 6848 8b38 | 4885 ff0f | 840f 0000 | 0048 8b58 
  0x000002586af9935c: 08f0 480f | b13b 0f85 | 1701 0000 | 49ff 8f50 | 0500 0048 | 8bc6 e938 | 0100 0048 

  0x000002586af99378: ;   {runtime_call fast_new_instance Runtime1 stub}
  0x000002586af99378: 8bd2 e801 

  0x000002586af9937c: ; ImmutableOopMap {r8=Oop }
                      ;*new {reexecute=0 rethrow=0 return_oop=0}
                      ; - java.nio.channels.spi.AbstractSelector::begin@8 (line 229)
  0x000002586af9937c: a857 ffe9 | fcfd ffff | 8b50 0c48 | c1e2 0348 | 83fa 000f | 84f9 fdff | ff48 8914 

  0x000002586af99398: ;   {runtime_call g1_pre_barrier_slow}
  0x000002586af99398: 24e8 620d | 58ff e9eb | fdff ff49 | 83f8 000f | 8400 feff | ff48 8904 

  0x000002586af993b0: ;   {runtime_call g1_post_barrier_slow}
  0x000002586af993b0: 24e8 4a10 | 58ff e9f2 | fdff ff41 | 8b50 1848 | c1e2 0348 | 83fa 000f | 84ee fdff | ff48 8914 
  0x000002586af993d0: ;   {runtime_call g1_pre_barrier_slow}
  0x000002586af993d0: 24e8 2a0d | 58ff e9e0 | fdff ff48 | 83f8 000f | 84f5 fdff | ff4c 8904 

  0x000002586af993e8: ;   {runtime_call g1_post_barrier_slow}
  0x000002586af993e8: 24e8 1210 | 58ff e9e7 

  0x000002586af993f0: ;   {runtime_call throw_incompatible_class_change_error Runtime1 stub}
  0x000002586af993f0: fdff ffe8 

  0x000002586af993f4: ; ImmutableOopMap {r8=Oop rdx=Oop rax=Oop }
                      ;*invokeinterface blockedOn {reexecute=0 rethrow=0 return_oop=0}
                      ; - java.nio.channels.spi.AbstractInterruptibleChannel::blockedOn@4 (line 209)
                      ; - java.nio.channels.spi.AbstractSelector::begin@23 (line 234)
  0x000002586af993f4: 88d8 57ff 

  0x000002586af993f8: ;   {runtime_call throw_null_pointer_exception Runtime1 stub}
  0x000002586af993f8: e803 9a57 

  0x000002586af993fc: ; ImmutableOopMap {r8=Oop rdx=Oop }
                      ;*invokeinterface blockedOn {reexecute=0 rethrow=0 return_oop=0}
                      ; - java.nio.channels.spi.AbstractInterruptibleChannel::blockedOn@4 (line 209)
                      ; - java.nio.channels.spi.AbstractSelector::begin@23 (line 234)
                      ;   {runtime_call throw_null_pointer_exception Runtime1 stub}
  0x000002586af993fc: ffe8 fe99 

  0x000002586af99400: ; ImmutableOopMap {r8=Oop rdx=Oop rsi=Oop }
                      ;*getfield interruptLock {reexecute=1 rethrow=0 return_oop=0}
                      ; - (reexecute) java.lang.Thread::blockedOn@5 (line 355)
                      ; - java.lang.System$2::blockedOn@1 (line 2370)
                      ; - java.nio.channels.spi.AbstractInterruptibleChannel::blockedOn@4 (line 209)
                      ; - java.nio.channels.spi.AbstractSelector::begin@23 (line 234)
                      ;   {runtime_call throw_null_pointer_exception Runtime1 stub}
  0x000002586af99400: 57ff e8f9 

  0x000002586af99404: ; ImmutableOopMap {r8=Oop rdx=Oop rsi=Oop rdi=Oop }
                      ;*monitorenter {reexecute=0 rethrow=0 return_oop=0}
                      ; - java.lang.Thread::blockedOn@10 (line 355)
                      ; - java.lang.System$2::blockedOn@1 (line 2370)
                      ; - java.nio.channels.spi.AbstractInterruptibleChannel::blockedOn@4 (line 209)
                      ; - java.nio.channels.spi.AbstractSelector::begin@23 (line 234)
  0x000002586af99404: 9957 ff48 | 897c 2408 | 4889 1c24 

  0x000002586af99410: ;   {runtime_call monitorenter_nofpu Runtime1 stub}
  0x000002586af99410: e86b e157 

  0x000002586af99414: ; ImmutableOopMap {r8=Oop rdx=Oop rsi=Oop rdi=Oop [112]=Oop }
                      ;*monitorenter {reexecute=0 rethrow=0 return_oop=0}
                      ; - java.lang.Thread::blockedOn@10 (line 355)
                      ; - java.lang.System$2::blockedOn@1 (line 2370)
                      ; - java.nio.channels.spi.AbstractInterruptibleChannel::blockedOn@4 (line 209)
                      ; - java.nio.channels.spi.AbstractSelector::begin@23 (line 234)
  0x000002586af99414: ffe9 5afe | ffff 8b46 | 6048 c1e0 | 0348 83f8 | 000f 8457 | feff ff48 

  0x000002586af9942c: ;   {runtime_call g1_pre_barrier_slow}
  0x000002586af9942c: 8904 24e8 | cc0c 58ff | e949 feff | ff48 83fa | 000f 8464 | feff ff48 

  0x000002586af99444: ;   {runtime_call g1_post_barrier_slow}
  0x000002586af99444: 8934 24e8 | b40f 58ff | e956 feff | ff48 8d44 | 2468 4889 

  0x000002586af99458: ;   {runtime_call monitorexit_nofpu Runtime1 stub}
  0x000002586af99458: 0424 e8a1 | eb57 ffe9 | 6afe ffff 

  0x000002586af99464: ;   {runtime_call throw_null_pointer_exception Runtime1 stub}
  0x000002586af99464: e897 9957 

  0x000002586af99468: ; ImmutableOopMap {r8=Oop rdx=Oop }
                      ;*invokevirtual isInterrupted {reexecute=0 rethrow=0 return_oop=0}
                      ; - java.nio.channels.spi.AbstractSelector::begin@31 (line 236)
                      ;   {internal_word}
  0x000002586af99468: ff49 ba1c | 93f9 6a58 | 0200 004d | 8997 6804 

  0x000002586af99478: ;   {runtime_call SafepointBlob}
  0x000002586af99478: 0000 e981 | c24c ff48 | 8d44 2468 | 4889 0424 

  0x000002586af99488: ;   {runtime_call monitorexit_nofpu Runtime1 stub}
  0x000002586af99488: e873 eb57 | ffe9 ddfe | ffff 498b | 8700 0500 | 0049 c787 | 0005 0000 | 0000 0000 | 49c7 8708 
  0x000002586af994a8: 0500 0000 | 0000 0048 | 81c4 8000 

  0x000002586af994b4: ;   {runtime_call unwind_exception Runtime1 stub}
  0x000002586af994b4: 0000 5de9 | c47c 57ff | f4f4 f4f4 
[Stub Code]
  0x000002586af994c0: ;   {no_reloc}
  0x000002586af994c0: 0f1f 4400 

  0x000002586af994c4: ;   {static_stub}
  0x000002586af994c4: 0048 bb00 | 0000 0000 

  0x000002586af994cc: ;   {runtime_call}
  0x000002586af994cc: 0000 00e9 | fbff ffff 
[Exception Handler]
  0x000002586af994d4: ;   {runtime_call handle_exception_from_callee Runtime1 stub}
  0x000002586af994d4: e8a7 ce57 

  0x000002586af994d8: ;   {external_word}
  0x000002586af994d8: ff48 b9e0 | 2793 29fa | 7f00 0048 

  0x000002586af994e4: ;   {runtime_call}
  0x000002586af994e4: 83e4 f048 | b8e0 0f5b | 29fa 7f00 | 00ff d0f4 
[Deopt Handler Code]
  0x000002586af994f4: ;   {section_word}
  0x000002586af994f4: 49ba f494 | f96a 5802 | 0000 4152 

  0x000002586af99500: ;   {runtime_call DeoptimizationBlob}
  0x000002586af99500: e99b b44c | fff4 f4f4 
[/MachCode]


---------------  P R O C E S S  ---------------

Threads class SMR info:
_java_thread_list=0x000002587c269060, length=30, elements={
0x0000025875ac5410, 0x0000025875ac6330, 0x0000025875acb070, 0x0000025875accec0,
0x0000025875acd920, 0x0000025875ace380, 0x0000025875ad6df0, 0x0000025875c9d070,
0x000002587a1b6d10, 0x000002587a1b9e20, 0x000002587a352860, 0x000002587a3dfc40,
0x000002587aee8770, 0x000002587aee6010, 0x000002587aee6d30, 0x000002587aee73c0,
0x000002587aee80e0, 0x000002587aee8e00, 0x000002587aee66a0, 0x000002587d54b840,
0x000002587d5490e0, 0x000002587d54d280, 0x000002587d54ab20, 0x000002587d54cbf0,
0x000002587d54d910, 0x000002587d54c560, 0x000002587d54f350, 0x000002587d54dfa0,
0x000002587d54e630, 0x000002587d54ecc0
}

Java Threads: ( => current thread )
  0x0000025875ac5410 JavaThread "Reference Handler"          daemon [_thread_blocked, id=1532, stack(0x000000d435000000,0x000000d435100000) (1024K)]
  0x0000025875ac6330 JavaThread "Finalizer"                  daemon [_thread_blocked, id=17572, stack(0x000000d435100000,0x000000d435200000) (1024K)]
  0x0000025875acb070 JavaThread "Signal Dispatcher"          daemon [_thread_blocked, id=6128, stack(0x000000d435200000,0x000000d435300000) (1024K)]
  0x0000025875accec0 JavaThread "Attach Listener"            daemon [_thread_blocked, id=15268, stack(0x000000d435300000,0x000000d435400000) (1024K)]
  0x0000025875acd920 JavaThread "Service Thread"             daemon [_thread_blocked, id=16904, stack(0x000000d435400000,0x000000d435500000) (1024K)]
  0x0000025875ace380 JavaThread "Monitor Deflation Thread"   daemon [_thread_blocked, id=2240, stack(0x000000d435500000,0x000000d435600000) (1024K)]
  0x0000025875ad6df0 JavaThread "C1 CompilerThread0"         daemon [_thread_blocked, id=15972, stack(0x000000d435600000,0x000000d435700000) (1024K)]
  0x0000025875c9d070 JavaThread "Common-Cleaner"             daemon [_thread_blocked, id=17956, stack(0x000000d435700000,0x000000d435800000) (1024K)]
  0x000002587a1b6d10 JavaThread "Monitor Ctrl-Break"         daemon [_thread_in_native, id=988, stack(0x000000d435b00000,0x000000d435c00000) (1024K)]
  0x000002587a1b9e20 JavaThread "Notification Thread"        daemon [_thread_blocked, id=17872, stack(0x000000d435c00000,0x000000d435d00000) (1024K)]
  0x000002587a352860 JavaThread "RMI TCP Accept-0"           daemon [_thread_in_native, id=11640, stack(0x000000d435d00000,0x000000d435e00000) (1024K)]
  0x000002587a3dfc40 JavaThread "RMI Scheduler(0)"           daemon [_thread_blocked, id=13968, stack(0x000000d435f00000,0x000000d436000000) (1024K)]
  0x000002587aee8770 JavaThread "Catalina-utility-1"                [_thread_blocked, id=16812, stack(0x000000d436a00000,0x000000d436b00000) (1024K)]
  0x000002587aee6010 JavaThread "Catalina-utility-2"                [_thread_blocked, id=3932, stack(0x000000d437000000,0x000000d437100000) (1024K)]
  0x000002587aee6d30 JavaThread "container-0"                       [_thread_blocked, id=8844, stack(0x000000d437100000,0x000000d437200000) (1024K)]
  0x000002587aee73c0 JavaThread "mysql-cj-abandoned-connection-cleanup" daemon [_thread_blocked, id=15960, stack(0x000000d437200000,0x000000d437300000) (1024K)]
  0x000002587aee80e0 JavaThread "HikariPool-1 housekeeper"   daemon [_thread_blocked, id=19212, stack(0x000000d437400000,0x000000d437500000) (1024K)]
  0x000002587aee8e00 JavaThread "http-nio-8080-exec-1"       daemon [_thread_blocked, id=1300, stack(0x000000d437600000,0x000000d437700000) (1024K)]
  0x000002587aee66a0 JavaThread "http-nio-8080-exec-2"       daemon [_thread_blocked, id=7012, stack(0x000000d437700000,0x000000d437800000) (1024K)]
  0x000002587d54b840 JavaThread "http-nio-8080-exec-3"       daemon [_thread_blocked, id=16560, stack(0x000000d437800000,0x000000d437900000) (1024K)]
  0x000002587d5490e0 JavaThread "http-nio-8080-exec-4"       daemon [_thread_blocked, id=13748, stack(0x000000d437900000,0x000000d437a00000) (1024K)]
  0x000002587d54d280 JavaThread "http-nio-8080-exec-5"       daemon [_thread_blocked, id=17052, stack(0x000000d437a00000,0x000000d437b00000) (1024K)]
  0x000002587d54ab20 JavaThread "http-nio-8080-exec-6"       daemon [_thread_blocked, id=16492, stack(0x000000d437b00000,0x000000d437c00000) (1024K)]
  0x000002587d54cbf0 JavaThread "http-nio-8080-exec-7"       daemon [_thread_blocked, id=14296, stack(0x000000d437c00000,0x000000d437d00000) (1024K)]
  0x000002587d54d910 JavaThread "http-nio-8080-exec-8"       daemon [_thread_blocked, id=15048, stack(0x000000d437d00000,0x000000d437e00000) (1024K)]
  0x000002587d54c560 JavaThread "http-nio-8080-exec-9"       daemon [_thread_blocked, id=19060, stack(0x000000d437e00000,0x000000d437f00000) (1024K)]
  0x000002587d54f350 JavaThread "http-nio-8080-exec-10"      daemon [_thread_blocked, id=15184, stack(0x000000d437f00000,0x000000d438000000) (1024K)]
=>0x000002587d54dfa0 JavaThread "http-nio-8080-Poller"       daemon [_thread_in_Java, id=15576, stack(0x000000d438000000,0x000000d438100000) (1024K)]
  0x000002587d54e630 JavaThread "http-nio-8080-Acceptor"     daemon [_thread_in_native, id=12568, stack(0x000000d438100000,0x000000d438200000) (1024K)]
  0x000002587d54ecc0 JavaThread "DestroyJavaVM"                     [_thread_blocked, id=8568, stack(0x000000d434800000,0x000000d434900000) (1024K)]
Total: 30

Other Threads:
  0x0000025875aa5d50 VMThread "VM Thread"                           [id=15424, stack(0x000000d434f00000,0x000000d435000000) (1024K)]
  0x0000025875a8a010 WatcherThread "VM Periodic Task Thread"        [id=17804, stack(0x000000d434e00000,0x000000d434f00000) (1024K)]
  0x000002585fe8df70 WorkerThread "GC Thread#0"                     [id=10140, stack(0x000000d434900000,0x000000d434a00000) (1024K)]
  0x000002587a486970 WorkerThread "GC Thread#1"                     [id=11548, stack(0x000000d436100000,0x000000d436200000) (1024K)]
  0x000002587a4b4b10 WorkerThread "GC Thread#2"                     [id=3740, stack(0x000000d436200000,0x000000d436300000) (1024K)]
  0x000002587a4b4eb0 WorkerThread "GC Thread#3"                     [id=17164, stack(0x000000d436300000,0x000000d436400000) (1024K)]
  0x000002587a4b5250 WorkerThread "GC Thread#4"                     [id=7376, stack(0x000000d436400000,0x000000d436500000) (1024K)]
  0x000002587a4c6760 WorkerThread "GC Thread#5"                     [id=2640, stack(0x000000d436500000,0x000000d436600000) (1024K)]
  0x000002587a52f1a0 WorkerThread "GC Thread#6"                     [id=15488, stack(0x000000d436600000,0x000000d436700000) (1024K)]
  0x000002587a52f540 WorkerThread "GC Thread#7"                     [id=14616, stack(0x000000d436700000,0x000000d436800000) (1024K)]
  0x000002587a52f8e0 WorkerThread "GC Thread#8"                     [id=18600, stack(0x000000d436800000,0x000000d436900000) (1024K)]
  0x000002587a52fc80 WorkerThread "GC Thread#9"                     [id=13200, stack(0x000000d436900000,0x000000d436a00000) (1024K)]
  0x000002587af2deb0 WorkerThread "GC Thread#10"                    [id=19240, stack(0x000000d436b00000,0x000000d436c00000) (1024K)]
  0x000002587af2f470 WorkerThread "GC Thread#11"                    [id=10224, stack(0x000000d436c00000,0x000000d436d00000) (1024K)]
  0x000002587af2e990 WorkerThread "GC Thread#12"                    [id=15448, stack(0x000000d436d00000,0x000000d436e00000) (1024K)]
  0x0000025862041f00 ConcurrentGCThread "G1 Main Marker"            [id=16316, stack(0x000000d434a00000,0x000000d434b00000) (1024K)]
  0x00000258620438c0 WorkerThread "G1 Conc#0"                       [id=18020, stack(0x000000d434b00000,0x000000d434c00000) (1024K)]
  0x000002587b90e740 WorkerThread "G1 Conc#1"                       [id=19120, stack(0x000000d436e00000,0x000000d436f00000) (1024K)]
  0x000002587b90e000 WorkerThread "G1 Conc#2"                       [id=16804, stack(0x000000d436f00000,0x000000d437000000) (1024K)]
  0x000002587594b190 ConcurrentGCThread "G1 Refine#0"               [id=18756, stack(0x000000d434c00000,0x000000d434d00000) (1024K)]
  0x000002587594b9b0 ConcurrentGCThread "G1 Service"                [id=14028, stack(0x000000d434d00000,0x000000d434e00000) (1024K)]
Total: 21

Threads with active compile tasks:
Total: 0

VM state: not at safepoint (normal execution)

VM Mutex/Monitor currently owned by a thread: None

Heap address: 0x0000000700c00000, size: 4084 MB, Compressed Oops mode: Zero based, Oop shift amount: 3

CDS archive(s) mapped at: [0x0000025800000000-0x0000025800c90000-0x0000025800c90000), size 13172736, SharedBaseAddress: 0x0000025800000000, ArchiveRelocationMode: 1.
Compressed class space mapped at: 0x0000025801000000-0x0000025841000000, reserved size: 1073741824
Narrow klass base: 0x0000025800000000, Narrow klass shift: 0, Narrow klass range: 0x100000000

GC Precious Log:
 CardTable entry size: 512
 Card Set container configuration: InlinePtr #cards 4 size 8 Array Of Cards #cards 16 size 48 Howl #buckets 8 coarsen threshold 3686 Howl Bitmap #cards 512 size 80 coarsen threshold 460 Card regions per heap region 1 cards per card region 4096
 CPUs: 16 total, 16 available
 Memory: 16328M
 Large Page Support: Disabled
 NUMA Support: Disabled
 Compressed Oops: Enabled (Zero based)
 Heap Region Size: 2M
 Heap Min Capacity: 8M
 Heap Initial Capacity: 256M
 Heap Max Capacity: 4084M
 Pre-touch: Disabled
 Parallel Workers: 13
 Concurrent Workers: 3
 Concurrent Refinement Workers: 13
 Periodic GC: Disabled

Heap:
 garbage-first heap   total 81920K, used 58396K [0x0000000700c00000, 0x0000000800000000)
  region size 2048K, 15 young (30720K), 2 survivors (4096K)
 Metaspace       used 71245K, committed 72064K, reserved 1114112K
  class space    used 10162K, committed 10496K, reserved 1048576K

Heap Regions: E=young(eden), S=young(survivor), O=old, HS=humongous(starts), HC=humongous(continues), CS=collection set, F=free, TAMS=top-at-mark-start, PB=parsable bottom
|   0|0x0000000700c00000, 0x0000000700e00000, 0x0000000700e00000|100%| O|  |TAMS 0x0000000700c00000| PB 0x0000000700c00000| Untracked 
|   1|0x0000000700e00000, 0x0000000701000000, 0x0000000701000000|100%| O|  |TAMS 0x0000000700e00000| PB 0x0000000700e00000| Untracked 
|   2|0x0000000701000000, 0x0000000701200000, 0x0000000701200000|100%| O|  |TAMS 0x0000000701000000| PB 0x0000000701000000| Untracked 
|   3|0x0000000701200000, 0x0000000701400000, 0x0000000701400000|100%| O|  |TAMS 0x0000000701200000| PB 0x0000000701200000| Untracked 
|   4|0x0000000701400000, 0x0000000701600000, 0x0000000701600000|100%| O|  |TAMS 0x0000000701400000| PB 0x0000000701400000| Untracked 
|   5|0x0000000701600000, 0x0000000701800000, 0x0000000701800000|100%| O|  |TAMS 0x0000000701600000| PB 0x0000000701600000| Untracked 
|   6|0x0000000701800000, 0x0000000701a00000, 0x0000000701a00000|100%| O|  |TAMS 0x0000000701800000| PB 0x0000000701800000| Untracked 
|   7|0x0000000701a00000, 0x0000000701c00000, 0x0000000701c00000|100%| O|  |TAMS 0x0000000701a00000| PB 0x0000000701a00000| Untracked 
|   8|0x0000000701c00000, 0x0000000701e00000, 0x0000000701e00000|100%| O|  |TAMS 0x0000000701c00000| PB 0x0000000701c00000| Untracked 
|   9|0x0000000701e00000, 0x0000000702000000, 0x0000000702000000|100%| O|  |TAMS 0x0000000701e00000| PB 0x0000000701e00000| Untracked 
|  10|0x0000000702000000, 0x0000000702200000, 0x0000000702200000|100%| O|  |TAMS 0x0000000702000000| PB 0x0000000702000000| Untracked 
|  11|0x0000000702200000, 0x0000000702400000, 0x0000000702400000|100%| O|  |TAMS 0x0000000702200000| PB 0x0000000702200000| Untracked 
|  12|0x0000000702400000, 0x0000000702600000, 0x0000000702600000|100%| O|  |TAMS 0x0000000702400000| PB 0x0000000702400000| Untracked 
|  13|0x0000000702600000, 0x0000000702800000, 0x0000000702800000|100%| O|  |TAMS 0x0000000702600000| PB 0x0000000702600000| Untracked 
|  14|0x0000000702800000, 0x0000000702800000, 0x0000000702a00000|  0%| F|  |TAMS 0x0000000702800000| PB 0x0000000702800000| Untracked 
|  15|0x0000000702a00000, 0x0000000702a00000, 0x0000000702c00000|  0%| F|  |TAMS 0x0000000702a00000| PB 0x0000000702a00000| Untracked 
|  16|0x0000000702c00000, 0x0000000702c00000, 0x0000000702e00000|  0%| F|  |TAMS 0x0000000702c00000| PB 0x0000000702c00000| Untracked 
|  17|0x0000000702e00000, 0x0000000703000000, 0x0000000703000000|100%| O|  |TAMS 0x0000000702e00000| PB 0x0000000702e00000| Untracked 
|  18|0x0000000703000000, 0x00000007030b9a60, 0x0000000703200000| 36%| O|  |TAMS 0x0000000703000000| PB 0x0000000703000000| Untracked 
|  19|0x0000000703200000, 0x000000070324d6b8, 0x0000000703400000| 15%| S|CS|TAMS 0x0000000703200000| PB 0x0000000703200000| Complete 
|  20|0x0000000703400000, 0x0000000703400000, 0x0000000703600000|  0%| F|  |TAMS 0x0000000703400000| PB 0x0000000703400000| Untracked 
|  21|0x0000000703600000, 0x0000000703600000, 0x0000000703800000|  0%| F|  |TAMS 0x0000000703600000| PB 0x0000000703600000| Untracked 
|  22|0x0000000703800000, 0x0000000703a00000, 0x0000000703a00000|100%| S|CS|TAMS 0x0000000703800000| PB 0x0000000703800000| Complete 
|  23|0x0000000703a00000, 0x0000000703a00000, 0x0000000703c00000|  0%| F|  |TAMS 0x0000000703a00000| PB 0x0000000703a00000| Untracked 
|  24|0x0000000703c00000, 0x0000000703c00000, 0x0000000703e00000|  0%| F|  |TAMS 0x0000000703c00000| PB 0x0000000703c00000| Untracked 
|  25|0x0000000703e00000, 0x0000000703e00000, 0x0000000704000000|  0%| F|  |TAMS 0x0000000703e00000| PB 0x0000000703e00000| Untracked 
|  26|0x0000000704000000, 0x0000000704000000, 0x0000000704200000|  0%| F|  |TAMS 0x0000000704000000| PB 0x0000000704000000| Untracked 
|  27|0x0000000704200000, 0x00000007043e4640, 0x0000000704400000| 94%| E|  |TAMS 0x0000000704200000| PB 0x0000000704200000| Complete 
|  28|0x0000000704400000, 0x0000000704600000, 0x0000000704600000|100%| E|CS|TAMS 0x0000000704400000| PB 0x0000000704400000| Complete 
|  29|0x0000000704600000, 0x0000000704800000, 0x0000000704800000|100%| E|CS|TAMS 0x0000000704600000| PB 0x0000000704600000| Complete 
|  30|0x0000000704800000, 0x0000000704a00000, 0x0000000704a00000|100%| E|CS|TAMS 0x0000000704800000| PB 0x0000000704800000| Complete 
|  31|0x0000000704a00000, 0x0000000704c00000, 0x0000000704c00000|100%| E|CS|TAMS 0x0000000704a00000| PB 0x0000000704a00000| Complete 
|  32|0x0000000704c00000, 0x0000000704e00000, 0x0000000704e00000|100%| E|CS|TAMS 0x0000000704c00000| PB 0x0000000704c00000| Complete 
|  33|0x0000000704e00000, 0x0000000705000000, 0x0000000705000000|100%| E|CS|TAMS 0x0000000704e00000| PB 0x0000000704e00000| Complete 
|  34|0x0000000705000000, 0x0000000705200000, 0x0000000705200000|100%| E|CS|TAMS 0x0000000705000000| PB 0x0000000705000000| Complete 
|  35|0x0000000705200000, 0x0000000705400000, 0x0000000705400000|100%| E|CS|TAMS 0x0000000705200000| PB 0x0000000705200000| Complete 
|  66|0x0000000709000000, 0x0000000709200000, 0x0000000709200000|100%| E|CS|TAMS 0x0000000709000000| PB 0x0000000709000000| Complete 
|  67|0x0000000709200000, 0x0000000709400000, 0x0000000709400000|100%| E|CS|TAMS 0x0000000709200000| PB 0x0000000709200000| Complete 
|  68|0x0000000709400000, 0x0000000709600000, 0x0000000709600000|100%| E|CS|TAMS 0x0000000709400000| PB 0x0000000709400000| Complete 
| 127|0x0000000710a00000, 0x0000000710c00000, 0x0000000710c00000|100%| E|CS|TAMS 0x0000000710a00000| PB 0x0000000710a00000| Complete 

Card table byte_map: [0x000002586e280000,0x000002586ea80000] _byte_map_base: 0x000002586aa7a000

Marking Bits: (CMBitMap*) 0x000002585fe8e480
 Bits: [0x000002586ea80000, 0x0000025872a50000)

Polling page: 0x000002585ff40000

Metaspace:

Usage:
  Non-class:     59.65 MB used.
      Class:      9.92 MB used.
       Both:     69.58 MB used.

Virtual space:
  Non-class space:       64.00 MB reserved,      60.12 MB ( 94%) committed,  1 nodes.
      Class space:        1.00 GB reserved,      10.25 MB (  1%) committed,  1 nodes.
             Both:        1.06 GB reserved,      70.38 MB (  6%) committed. 

Chunk freelists:
   Non-Class:  3.86 MB
       Class:  5.57 MB
        Both:  9.43 MB

MaxMetaspaceSize: unlimited
CompressedClassSpaceSize: 1.00 GB
Initial GC threshold: 21.00 MB
Current GC threshold: 98.75 MB
CDS: on
 - commit_granule_bytes: 65536.
 - commit_granule_words: 8192.
 - virtual_space_node_default_size: 8388608.
 - enlarge_chunks_in_place: 1.
 - use_allocation_guard: 0.


Internal statistics:

num_allocs_failed_limit: 9.
num_arena_births: 1158.
num_arena_deaths: 0.
num_vsnodes_births: 2.
num_vsnodes_deaths: 0.
num_space_committed: 1126.
num_space_uncommitted: 0.
num_chunks_returned_to_freelist: 9.
num_chunks_taken_from_freelist: 3736.
num_chunk_merges: 9.
num_chunk_splits: 2727.
num_chunks_enlarged: 2086.
num_inconsistent_stats: 0.

CodeCache: size=49152Kb used=12025Kb max_used=13036Kb free=37126Kb
 bounds [0x000002586a410000, 0x000002586b180000, 0x000002586d410000]
 total_blobs=7425 nmethods=6700 adapters=646
 compilation: enabled
              stopped_count=0, restarted_count=0
 full_count=0

Compilation events (20 events):
Event: 76374.021 Thread 0x0000025875ad6df0 6765       1       com.mysql.cj.protocol.a.NativeMessageBuilder::buildComQuery (189 bytes)
Event: 76374.022 Thread 0x0000025875ad6df0 nmethod 6765 0x000002586a5da710 code [0x000002586a5da9c0, 0x000002586a5db080]
Event: 76374.022 Thread 0x0000025875ad6df0 6767       1       java.util.LinkedList$LLSpliterator::getEst (56 bytes)
Event: 76374.022 Thread 0x0000025875ad6df0 nmethod 6767 0x000002586b04b290 code [0x000002586b04b440, 0x000002586b04b5c8]
Event: 76374.022 Thread 0x0000025875ad6df0 6766       1       com.mysql.cj.conf.AbstractPropertyDefinition::isRangeBased (2 bytes)
Event: 76374.022 Thread 0x0000025875ad6df0 nmethod 6766 0x000002586a5da410 code [0x000002586a5da5a0, 0x000002586a5da668]
Event: 76374.022 Thread 0x0000025875ad6df0 6768       1       com.mysql.cj.protocol.AbstractProtocol::getSocketConnection (5 bytes)
Event: 76374.022 Thread 0x0000025875ad6df0 nmethod 6768 0x000002586b04af90 code [0x000002586b04b120, 0x000002586b04b1f0]
Event: 76374.148 Thread 0x0000025875ad6df0 6769       1       com.mysql.cj.result.Field::getOriginalName (8 bytes)
Event: 76374.148 Thread 0x0000025875ad6df0 nmethod 6769 0x000002586b04ac10 code [0x000002586b04adc0, 0x000002586b04aec0]
Event: 76374.149 Thread 0x0000025875ad6df0 6770       1       com.mysql.cj.result.Field::getFullName (76 bytes)
Event: 76374.149 Thread 0x0000025875ad6df0 nmethod 6770 0x000002586b04a310 code [0x000002586b04a520, 0x000002586b04a930]
Event: 76374.194 Thread 0x0000025875ad6df0 6771       1       java.util.stream.Collectors$$Lambda/0x80000003f::accept (12 bytes)
Event: 76374.194 Thread 0x0000025875ad6df0 nmethod 6771 0x000002586b049f10 code [0x000002586b04a0c0, 0x000002586b04a240]
Event: 76374.196 Thread 0x0000025875ad6df0 6772       1       com.mysql.cj.result.DefaultColumnDefinition::findColumn (189 bytes)
Event: 76374.196 Thread 0x0000025875ad6df0 nmethod 6772 0x000002586b049310 code [0x000002586b049580, 0x000002586b049b48]
Event: 76643.883 Thread 0x0000025875ad6df0 6773       1       ch.qos.logback.classic.Logger::filterAndLog_1 (68 bytes)
Event: 76643.886 Thread 0x0000025875ad6df0 nmethod 6773 0x000002586b048a10 code [0x000002586b048c00, 0x000002586b0490d0]
Event: 76643.886 Thread 0x0000025875ad6df0 6774       1       ch.qos.logback.classic.LoggerContext::getTurboFilterChainDecision_1 (38 bytes)
Event: 76643.887 Thread 0x0000025875ad6df0 nmethod 6774 0x000002586b048390 code [0x000002586b048560, 0x000002586b048850]

GC Heap History (20 events):
Event: 1.268 GC heap before
{Heap before GC invocations=4 (full 0):
 garbage-first heap   total 55296K, used 40421K [0x0000000700c00000, 0x0000000800000000)
  region size 2048K, 16 young (32768K), 3 survivors (6144K)
 Metaspace       used 24418K, committed 24832K, reserved 1114112K
  class space    used 3315K, committed 3520K, reserved 1048576K
}
Event: 1.273 GC heap after
{Heap after GC invocations=5 (full 0):
 garbage-first heap   total 55296K, used 15492K [0x0000000700c00000, 0x0000000800000000)
  region size 2048K, 2 young (4096K), 2 survivors (4096K)
 Metaspace       used 24418K, committed 24832K, reserved 1114112K
  class space    used 3315K, committed 3520K, reserved 1048576K
}
Event: 1.583 GC heap before
{Heap before GC invocations=5 (full 0):
 garbage-first heap   total 55296K, used 38020K [0x0000000700c00000, 0x0000000800000000)
  region size 2048K, 13 young (26624K), 2 survivors (4096K)
 Metaspace       used 27858K, committed 28416K, reserved 1114112K
  class space    used 3856K, committed 4096K, reserved 1048576K
}
Event: 1.588 GC heap after
{Heap after GC invocations=6 (full 0):
 garbage-first heap   total 55296K, used 17119K [0x0000000700c00000, 0x0000000800000000)
  region size 2048K, 2 young (4096K), 2 survivors (4096K)
 Metaspace       used 27858K, committed 28416K, reserved 1114112K
  class space    used 3856K, committed 4096K, reserved 1048576K
}
Event: 1.874 GC heap before
{Heap before GC invocations=6 (full 0):
 garbage-first heap   total 55296K, used 39647K [0x0000000700c00000, 0x0000000800000000)
  region size 2048K, 13 young (26624K), 2 survivors (4096K)
 Metaspace       used 31699K, committed 32320K, reserved 1114112K
  class space    used 4393K, committed 4672K, reserved 1048576K
}
Event: 1.877 GC heap after
{Heap after GC invocations=7 (full 0):
 garbage-first heap   total 159744K, used 18985K [0x0000000700c00000, 0x0000000800000000)
  region size 2048K, 2 young (4096K), 2 survivors (4096K)
 Metaspace       used 31699K, committed 32320K, reserved 1114112K
  class space    used 4393K, committed 4672K, reserved 1048576K
}
Event: 2.087 GC heap before
{Heap before GC invocations=7 (full 0):
 garbage-first heap   total 159744K, used 35369K [0x0000000700c00000, 0x0000000800000000)
  region size 2048K, 11 young (22528K), 2 survivors (4096K)
 Metaspace       used 35439K, committed 36096K, reserved 1114112K
  class space    used 4941K, committed 5248K, reserved 1048576K
}
Event: 2.090 GC heap after
{Heap after GC invocations=8 (full 0):
 garbage-first heap   total 159744K, used 20096K [0x0000000700c00000, 0x0000000800000000)
  region size 2048K, 3 young (6144K), 3 survivors (6144K)
 Metaspace       used 35439K, committed 36096K, reserved 1114112K
  class space    used 4941K, committed 5248K, reserved 1048576K
}
Event: 2.661 GC heap before
{Heap before GC invocations=9 (full 0):
 garbage-first heap   total 81920K, used 63104K [0x0000000700c00000, 0x0000000800000000)
  region size 2048K, 24 young (49152K), 3 survivors (6144K)
 Metaspace       used 46044K, committed 46720K, reserved 1114112K
  class space    used 6418K, committed 6720K, reserved 1048576K
}
Event: 2.666 GC heap after
{Heap after GC invocations=10 (full 0):
 garbage-first heap   total 81920K, used 23075K [0x0000000700c00000, 0x0000000800000000)
  region size 2048K, 3 young (6144K), 3 survivors (6144K)
 Metaspace       used 46044K, committed 46720K, reserved 1114112K
  class space    used 6418K, committed 6720K, reserved 1048576K
}
Event: 3.265 GC heap before
{Heap before GC invocations=10 (full 0):
 garbage-first heap   total 81920K, used 66083K [0x0000000700c00000, 0x0000000800000000)
  region size 2048K, 24 young (49152K), 3 survivors (6144K)
 Metaspace       used 57461K, committed 58176K, reserved 1114112K
  class space    used 8134K, committed 8448K, reserved 1048576K
}
Event: 3.269 GC heap after
{Heap after GC invocations=11 (full 0):
 garbage-first heap   total 81920K, used 25894K [0x0000000700c00000, 0x0000000800000000)
  region size 2048K, 3 young (6144K), 3 survivors (6144K)
 Metaspace       used 57461K, committed 58176K, reserved 1114112K
  class space    used 8134K, committed 8448K, reserved 1048576K
}
Event: 3.404 GC heap before
{Heap before GC invocations=11 (full 0):
 garbage-first heap   total 81920K, used 34086K [0x0000000700c00000, 0x0000000800000000)
  region size 2048K, 8 young (16384K), 3 survivors (6144K)
 Metaspace       used 59761K, committed 60416K, reserved 1114112K
  class space    used 8453K, committed 8768K, reserved 1048576K
}
Event: 3.408 GC heap after
{Heap after GC invocations=12 (full 0):
 garbage-first heap   total 81920K, used 26872K [0x0000000700c00000, 0x0000000800000000)
  region size 2048K, 2 young (4096K), 2 survivors (4096K)
 Metaspace       used 59761K, committed 60416K, reserved 1114112K
  class space    used 8453K, committed 8768K, reserved 1048576K
}
Event: 4.045 GC heap before
{Heap before GC invocations=13 (full 0):
 garbage-first heap   total 81920K, used 69880K [0x0000000700c00000, 0x0000000800000000)
  region size 2048K, 23 young (47104K), 2 survivors (4096K)
 Metaspace       used 65910K, committed 66752K, reserved 1114112K
  class space    used 9400K, committed 9792K, reserved 1048576K
}
Event: 4.049 GC heap after
{Heap after GC invocations=14 (full 0):
 garbage-first heap   total 81920K, used 31489K [0x0000000700c00000, 0x0000000800000000)
  region size 2048K, 3 young (6144K), 3 survivors (6144K)
 Metaspace       used 65910K, committed 66752K, reserved 1114112K
  class space    used 9400K, committed 9792K, reserved 1048576K
}
Event: 552.809 GC heap before
{Heap before GC invocations=14 (full 0):
 garbage-first heap   total 81920K, used 66305K [0x0000000700c00000, 0x0000000800000000)
  region size 2048K, 21 young (43008K), 3 survivors (6144K)
 Metaspace       used 71143K, committed 71936K, reserved 1114112K
  class space    used 10144K, committed 10496K, reserved 1048576K
}
Event: 552.814 GC heap after
{Heap after GC invocations=15 (full 0):
 garbage-first heap   total 81920K, used 33647K [0x0000000700c00000, 0x0000000800000000)
  region size 2048K, 2 young (4096K), 2 survivors (4096K)
 Metaspace       used 71143K, committed 71936K, reserved 1114112K
  class space    used 10144K, committed 10496K, reserved 1048576K
}
Event: 1887.432 GC heap before
{Heap before GC invocations=15 (full 0):
 garbage-first heap   total 81920K, used 68463K [0x0000000700c00000, 0x0000000800000000)
  region size 2048K, 19 young (38912K), 2 survivors (4096K)
 Metaspace       used 71203K, committed 72000K, reserved 1114112K
  class space    used 10156K, committed 10496K, reserved 1048576K
}
Event: 1887.434 GC heap after
{Heap after GC invocations=16 (full 0):
 garbage-first heap   total 81920K, used 33820K [0x0000000700c00000, 0x0000000800000000)
  region size 2048K, 2 young (4096K), 2 survivors (4096K)
 Metaspace       used 71203K, committed 72000K, reserved 1114112K
  class space    used 10156K, committed 10496K, reserved 1048576K
}

Dll operation events (13 events):
Event: 0.005 Loaded shared library C:\Users\user\.jdks\openjdk-21.0.1\bin\java.dll
Event: 0.084 Loaded shared library C:\Users\user\.jdks\openjdk-21.0.1\bin\zip.dll
Event: 0.087 Loaded shared library C:\Users\user\.jdks\openjdk-21.0.1\bin\instrument.dll
Event: 0.090 Loaded shared library C:\Users\user\.jdks\openjdk-21.0.1\bin\net.dll
Event: 0.091 Loaded shared library C:\Users\user\.jdks\openjdk-21.0.1\bin\nio.dll
Event: 0.093 Loaded shared library C:\Users\user\.jdks\openjdk-21.0.1\bin\zip.dll
Event: 0.127 Loaded shared library C:\Users\user\.jdks\openjdk-21.0.1\bin\jimage.dll
Event: 0.155 Loaded shared library C:\Program Files\JetBrains\IntelliJ IDEA 2024.2.1\bin\breakgen64.dll
Event: 0.162 Loaded shared library C:\Users\user\.jdks\openjdk-21.0.1\bin\extnet.dll
Event: 0.170 Loaded shared library C:\Users\user\.jdks\openjdk-21.0.1\bin\management.dll
Event: 0.178 Loaded shared library C:\Users\user\.jdks\openjdk-21.0.1\bin\management_ext.dll
Event: 1.147 Loaded shared library C:\Users\user\.jdks\openjdk-21.0.1\bin\sunmscapi.dll
Event: 2.152 Loaded shared library C:\Users\user\.jdks\openjdk-21.0.1\bin\verify.dll

Deoptimization events (8 events):
Event: 0.265 Thread 0x0000025875accec0 DEOPT PACKING pc=0x000002586a81575d sp=0x000000d4353fd020
Event: 0.265 Thread 0x0000025875accec0 DEOPT UNPACKING pc=0x000002586a464e42 sp=0x000000d4353fc4d0 mode 3
Event: 0.268 Thread 0x0000025875accec0 DEOPT PACKING pc=0x000002586a829660 sp=0x000000d4353fd010
Event: 0.268 Thread 0x0000025875accec0 DEOPT UNPACKING pc=0x000002586a464e42 sp=0x000000d4353fc4d0 mode 3
Event: 0.859 Thread 0x000002585fdcacb0 DEOPT PACKING pc=0x000002586aa455e1 sp=0x000000d4348fd550
Event: 0.859 Thread 0x000002585fdcacb0 DEOPT UNPACKING pc=0x000002586a464e42 sp=0x000000d4348fca30 mode 3
Event: 1.857 Thread 0x000002585fdcacb0 DEOPT PACKING pc=0x000002586ad0df25 sp=0x000000d4348fc670
Event: 1.857 Thread 0x000002585fdcacb0 DEOPT UNPACKING pc=0x000002586a464e42 sp=0x000000d4348fbbd8 mode 3

Classes loaded (20 events):
Event: 1762.010 Loading class javax/security/auth/Destroyable done
Event: 1762.010 Loading class java/security/PrivateKey done
Event: 1762.010 Loading class javax/net/ssl/SSLSocket
Event: 1762.010 Loading class javax/net/ssl/SSLSocket done
Event: 1762.010 Loading class javax/crypto/NoSuchPaddingException
Event: 1762.010 Loading class javax/crypto/NoSuchPaddingException done
Event: 1762.010 Loading class javax/crypto/IllegalBlockSizeException
Event: 1762.010 Loading class javax/crypto/IllegalBlockSizeException done
Event: 1762.010 Loading class javax/crypto/BadPaddingException
Event: 1762.010 Loading class javax/crypto/BadPaddingException done
Event: 1762.011 Loading class java/security/spec/InvalidKeySpecException
Event: 1762.011 Loading class java/security/spec/InvalidKeySpecException done
Event: 1762.011 Loading class java/security/spec/KeySpec
Event: 1762.011 Loading class java/security/spec/KeySpec done
Event: 2406.688 Loading class java/lang/StringEditor
Event: 2406.688 Loading class java/lang/StringEditor done
Event: 2407.808 Loading class java/util/ArrayList$SubList$1
Event: 2407.808 Loading class java/util/ArrayList$SubList$1 done
Event: 2416.267 Loading class sun/net/ConnectionResetException
Event: 2416.267 Loading class sun/net/ConnectionResetException done

Classes unloaded (0 events):
No events

Classes redefined (0 events):
No events

Internal exceptions (20 events):
Event: 3.417 Thread 0x000002585fdcacb0 Exception <a 'java/lang/NoSuchMethodError'{0x0000000710aa1d08}: 'java.lang.Object java.lang.invoke.DirectMethodHandle$Holder.invokeStatic(java.lang.Object, int, java.lang.Object)'> (0x0000000710aa1d08) 
thrown [s\open\src\hotspot\share\interpreter\linkResolver.cpp, line 773]
Event: 3.442 Thread 0x000002585fdcacb0 Exception <a 'java/lang/NoSuchMethodError'{0x0000000709458468}: 'java.lang.Object java.lang.invoke.DirectMethodHandle$Holder.invokeInterface(java.lang.Object, java.lang.Object, java.lang.Object, java.lang.Object)'> (0x0000000709458468) 
thrown [s\open\src\hotspot\share\interpreter\linkResolver.cpp, line 773]
Event: 3.461 Thread 0x000002585fdcacb0 Exception <a 'java/lang/NoSuchMethodError'{0x00000007095d4440}: 'java.lang.Object java.lang.invoke.DirectMethodHandle$Holder.newInvokeSpecial(java.lang.Object, java.lang.Object, java.lang.Object, java.lang.Object, java.lang.Object, java.lang.Object, java.lang.Object, java.lang.Object)'> (0x00000007095d4440) 
thrown [s\open\src\hotspot\share\interpreter\linkResolver.cpp, line 773]
Event: 3.583 Thread 0x000002585fdcacb0 Exception <a 'java/lang/IncompatibleClassChangeError'{0x0000000704bc4fa8}: Found class java.lang.Object, but interface was expected> (0x0000000704bc4fa8) 
thrown [s\open\src\hotspot\share\interpreter\linkResolver.cpp, line 840]
Event: 3.608 Thread 0x000002585fdcacb0 Exception <a 'java/lang/NoSuchMethodError'{0x000000070497d940}: 'void java.lang.invoke.DirectMethodHandle$Holder.invokeVirtual(java.lang.Object, java.lang.Object, long)'> (0x000000070497d940) 
thrown [s\open\src\hotspot\share\interpreter\linkResolver.cpp, line 773]
Event: 3.637 Thread 0x000002585fdcacb0 Exception <a 'java/lang/NoSuchMethodError'{0x0000000704416040}: 'int java.lang.invoke.DirectMethodHandle$Holder.invokeStaticInit(java.lang.Object, java.lang.Object, java.lang.Object, java.lang.Object)'> (0x0000000704416040) 
thrown [s\open\src\hotspot\share\interpreter\linkResolver.cpp, line 773]
Event: 3.702 Thread 0x000002585fdcacb0 Exception <a 'java/lang/IncompatibleClassChangeError'{0x0000000704103568}: Found class java.lang.Object, but interface was expected> (0x0000000704103568) 
thrown [s\open\src\hotspot\share\interpreter\linkResolver.cpp, line 840]
Event: 3.719 Thread 0x000002585fdcacb0 Exception <a 'java/lang/NoSuchMethodError'{0x0000000703e6cc68}: 'java.lang.Object java.lang.invoke.Invokers$Holder.invoke_MT(java.lang.Object, java.lang.Object, java.lang.Object, java.lang.Object, java.lang.Object, java.lang.Object, java.lang.Object, java.lang.Object, java.lang.Object, java.lang.Object, java.lang.Object)'> (0x0000000703e6cc68) 
thrown [s\open\src\hotspot\share\interpreter\linkResolver.cpp, line 773]
Event: 3.762 Thread 0x000002585fdcacb0 Exception <a 'java/lang/NoSuchMethodError'{0x0000000703d98448}: 'java.lang.Object java.lang.invoke.DirectMethodHandle$Holder.newInvokeSpecial(java.lang.Object, java.lang.Object, int, java.lang.Object, java.lang.Object)'> (0x0000000703d98448) 
thrown [s\open\src\hotspot\share\interpreter\linkResolver.cpp, line 773]
Event: 3.855 Thread 0x000002587aee8e00 Exception <a 'java/lang/NoSuchMethodError'{0x00000007039c2fe8}: 'java.lang.Object java.lang.invoke.DirectMethodHandle$Holder.invokeSpecial(java.lang.Object, java.lang.Object, java.lang.Object, java.lang.Object, java.lang.Object, long)'> (0x00000007039c2fe8) 
thrown [s\open\src\hotspot\share\interpreter\linkResolver.cpp, line 773]
Event: 3.855 Thread 0x000002587aee8e00 Exception <a 'java/lang/NoSuchMethodError'{0x00000007039c67a8}: 'java.lang.Object java.lang.invoke.Invokers$Holder.linkToTargetMethod(java.lang.Object, java.lang.Object, java.lang.Object, long, java.lang.Object)'> (0x00000007039c67a8) 
thrown [s\open\src\hotspot\share\interpreter\linkResolver.cpp, line 773]
Event: 4.233 Thread 0x000002587a3b4500 Exception <a 'java/lang/NoSuchMethodError'{0x0000000710b9c108}: 'java.lang.Object java.lang.invoke.DirectMethodHandle$Holder.invokeInterface(java.lang.Object, java.lang.Object, java.lang.Object, java.lang.Object, java.lang.Object, java.lang.Object, java.lang.Object)'> (0x0000000710b9c108) 
thrown [s\open\src\hotspot\share\interpreter\linkResolver.cpp, line 773]
Event: 11.829 Thread 0x000002587d54b840 Exception <a 'java/lang/IncompatibleClassChangeError'{0x0000000709084530}: Found class java.lang.Object, but interface was expected> (0x0000000709084530) 
thrown [s\open\src\hotspot\share\interpreter\linkResolver.cpp, line 840]
Event: 11.887 Thread 0x000002587d54b840 Exception <a 'java/lang/NoSuchMethodError'{0x000000070504c400}: 'void java.lang.invoke.Invokers$Holder.invokeExact_MT(java.lang.Object, java.lang.Object, int, java.lang.Object)'> (0x000000070504c400) 
thrown [s\open\src\hotspot\share\interpreter\linkResolver.cpp, line 773]
Event: 11.892 Thread 0x000002587d54b840 Exception <a 'java/lang/IncompatibleClassChangeError'{0x00000007050857b0}: Found class java.lang.Object, but interface was expected> (0x00000007050857b0) 
thrown [s\open\src\hotspot\share\interpreter\linkResolver.cpp, line 840]
Event: 12.033 Thread 0x000002587d54b840 Exception <a 'java/lang/NoSuchMethodError'{0x0000000704ce64f0}: 'java.lang.Object java.lang.invoke.DirectMethodHandle$Holder.invokeSpecial(java.lang.Object, java.lang.Object, java.lang.Object, int, int)'> (0x0000000704ce64f0) 
thrown [s\open\src\hotspot\share\interpreter\linkResolver.cpp, line 773]
Event: 85.039 Thread 0x000002587d54d910 Exception <a 'java/lang/NoSuchMethodError'{0x000000070445e9c0}: 'void java.lang.invoke.DirectMethodHandle$Holder.invokeSpecialIFC(java.lang.Object, java.lang.Object, int, java.lang.Object, java.lang.Object, java.lang.Object, java.lang.Object)'> (0x000000070445e9c0) 
thrown [s\open\src\hotspot\share\interpreter\linkResolver.cpp, line 773]
Event: 85.590 Thread 0x000002587d54d910 Exception <a 'java/lang/NoSuchMethodError'{0x00000007045699b8}: 'int java.lang.invoke.DirectMethodHandle$Holder.invokeStatic(java.lang.Object, java.lang.Object, int, int)'> (0x00000007045699b8) 
thrown [s\open\src\hotspot\share\interpreter\linkResolver.cpp, line 773]
Event: 2416.267 Thread 0x000002587a3b4500 Exception <a 'sun/net/ConnectionResetException'{0x0000000705105d38}: Connection reset> (0x0000000705105d38) 
thrown [s\open\src\hotspot\share\prims\jni.cpp, line 539]
Event: 76650.846 Thread 0x000002587d54dfa0 Implicit null exception at 0x000002586af991c2 to 0x0000000000000000

ZGC Phase Switch (0 events):
No events

VM Operations (20 events):
Event: 3560.287 Executing VM operation: Cleanup
Event: 3560.287 Executing VM operation: Cleanup done
Event: 3573.369 Executing VM operation: Cleanup
Event: 3573.369 Executing VM operation: Cleanup done
Event: 5325.179 Executing VM operation: Cleanup
Event: 5325.179 Executing VM operation: Cleanup done
Event: 5329.205 Executing VM operation: Cleanup
Event: 5329.205 Executing VM operation: Cleanup done
Event: 5342.289 Executing VM operation: Cleanup
Event: 5342.289 Executing VM operation: Cleanup done
Event: 65322.332 Executing VM operation: Cleanup
Event: 65322.332 Executing VM operation: Cleanup done
Event: 65323.338 Executing VM operation: Cleanup
Event: 65323.338 Executing VM operation: Cleanup done
Event: 67079.202 Executing VM operation: Cleanup
Event: 67079.202 Executing VM operation: Cleanup done
Event: 67110.408 Executing VM operation: Cleanup
Event: 67110.408 Executing VM operation: Cleanup done
Event: 76374.658 Executing VM operation: Cleanup
Event: 76374.658 Executing VM operation: Cleanup done

Events (20 events):
Event: 67086.505 Thread 0x000002587d54bed0 Thread added: 0x000002587d54bed0
Event: 67086.506 Thread 0x000002587d54f9e0 Thread added: 0x000002587d54f9e0
Event: 67098.787 Thread 0x000002587d54bed0 Thread exited: 0x000002587d54bed0
Event: 67098.835 Thread 0x000002587d54f9e0 Thread exited: 0x000002587d54f9e0
Event: 67100.367 Thread 0x000002587d549770 Thread added: 0x000002587d549770
Event: 67100.368 Thread 0x000002587d54bed0 Thread added: 0x000002587d54bed0
Event: 67105.381 Thread 0x000002587d549770 Thread exited: 0x000002587d549770
Event: 67105.428 Thread 0x000002587d54bed0 Thread exited: 0x000002587d54bed0
Event: 67107.186 Thread 0x000002587d54b1b0 Thread added: 0x000002587d54b1b0
Event: 67107.187 Thread 0x000002587d54f9e0 Thread added: 0x000002587d54f9e0
Event: 67114.786 Thread 0x000002587d54b1b0 Thread exited: 0x000002587d54b1b0
Event: 67114.834 Thread 0x000002587d54f9e0 Thread exited: 0x000002587d54f9e0
Event: 67116.946 Thread 0x000002587d54a490 Thread added: 0x000002587d54a490
Event: 67116.946 Thread 0x000002587d54b1b0 Thread added: 0x000002587d54b1b0
Event: 67125.271 Thread 0x000002587d54a490 Thread exited: 0x000002587d54a490
Event: 67125.302 Thread 0x000002587d54b1b0 Thread exited: 0x000002587d54b1b0
Event: 76373.811 Thread 0x000002587d54f9e0 Thread added: 0x000002587d54f9e0
Event: 76373.812 Thread 0x000002587d550070 Thread added: 0x000002587d550070
Event: 76378.827 Thread 0x000002587d54f9e0 Thread exited: 0x000002587d54f9e0
Event: 76379.227 Thread 0x000002587d550070 Thread exited: 0x000002587d550070


Dynamic libraries:
0x00007ff7a82d0000 - 0x00007ff7a82de000 	C:\Users\user\.jdks\openjdk-21.0.1\bin\java.exe
0x00007ffa9f390000 - 0x00007ffa9f588000 	C:\Windows\SYSTEM32\ntdll.dll
0x00007ffa9ef90000 - 0x00007ffa9f052000 	C:\Windows\System32\KERNEL32.DLL
0x00007ffa9cce0000 - 0x00007ffa9cfde000 	C:\Windows\System32\KERNELBASE.dll
0x00007ffa9cbe0000 - 0x00007ffa9cce0000 	C:\Windows\System32\ucrtbase.dll
0x00007ffa92e90000 - 0x00007ffa92eab000 	C:\Users\user\.jdks\openjdk-21.0.1\bin\VCRUNTIME140.dll
0x00007ffa92ee0000 - 0x00007ffa92ef8000 	C:\Users\user\.jdks\openjdk-21.0.1\bin\jli.dll
0x00007ffa9e010000 - 0x00007ffa9e1ad000 	C:\Windows\System32\USER32.dll
0x00007ffa9bf00000 - 0x00007ffa9c19a000 	C:\Windows\WinSxS\amd64_microsoft.windows.common-controls_6595b64144ccf1df_6.0.19041.4355_none_60b8b9eb71f62e16\COMCTL32.dll
0x00007ffa9d100000 - 0x00007ffa9d122000 	C:\Windows\System32\win32u.dll
0x00007ffa9e1b0000 - 0x00007ffa9e1db000 	C:\Windows\System32\GDI32.dll
0x00007ffa9ec90000 - 0x00007ffa9ed2e000 	C:\Windows\System32\msvcrt.dll
0x00007ffa9d160000 - 0x00007ffa9d277000 	C:\Windows\System32\gdi32full.dll
0x00007ffa9d280000 - 0x00007ffa9d31d000 	C:\Windows\System32\msvcp_win.dll
0x00007ffa9d9d0000 - 0x00007ffa9d9ff000 	C:\Windows\System32\IMM32.DLL
0x00007ffa98ef0000 - 0x00007ffa98efc000 	C:\Users\user\.jdks\openjdk-21.0.1\bin\vcruntime140_1.dll
0x00007ffa84e60000 - 0x00007ffa84eee000 	C:\Users\user\.jdks\openjdk-21.0.1\bin\msvcp140.dll
0x00007ffa28f90000 - 0x00007ffa29ca5000 	C:\Users\user\.jdks\openjdk-21.0.1\bin\server\jvm.dll
0x00007ffa9f110000 - 0x00007ffa9f1c1000 	C:\Windows\System32\ADVAPI32.dll
0x00007ffa9e1e0000 - 0x00007ffa9e27f000 	C:\Windows\System32\sechost.dll
0x00007ffa9ed40000 - 0x00007ffa9ee63000 	C:\Windows\System32\RPCRT4.dll
0x00007ffa9d130000 - 0x00007ffa9d157000 	C:\Windows\System32\bcrypt.dll
0x00007ffa9ee70000 - 0x00007ffa9eedb000 	C:\Windows\System32\WS2_32.dll
0x00007ffa9c620000 - 0x00007ffa9c66b000 	C:\Windows\SYSTEM32\POWRPROF.dll
0x00007ffa8f5d0000 - 0x00007ffa8f5f7000 	C:\Windows\SYSTEM32\WINMM.dll
0x00007ffa96830000 - 0x00007ffa9683a000 	C:\Windows\SYSTEM32\VERSION.dll
0x00007ffa9c350000 - 0x00007ffa9c362000 	C:\Windows\SYSTEM32\UMPDC.dll
0x00007ffa99ac0000 - 0x00007ffa99ad2000 	C:\Windows\SYSTEM32\kernel.appcore.dll
0x00007ffa98220000 - 0x00007ffa9822a000 	C:\Users\user\.jdks\openjdk-21.0.1\bin\jimage.dll
0x00007ffa9c430000 - 0x00007ffa9c614000 	C:\Windows\SYSTEM32\DBGHELP.DLL
0x00007ffa9c370000 - 0x00007ffa9c3a4000 	C:\Windows\SYSTEM32\dbgcore.DLL
0x00007ffa9d320000 - 0x00007ffa9d3a2000 	C:\Windows\System32\bcryptPrimitives.dll
0x00007ffa98180000 - 0x00007ffa9818f000 	C:\Users\user\.jdks\openjdk-21.0.1\bin\instrument.dll
0x00007ffa8d250000 - 0x00007ffa8d26f000 	C:\Users\user\.jdks\openjdk-21.0.1\bin\java.dll
0x00007ffa9e3f0000 - 0x00007ffa9eb5d000 	C:\Windows\System32\SHELL32.dll
0x00007ffa99dc0000 - 0x00007ffa9a564000 	C:\Windows\SYSTEM32\windows.storage.dll
0x00007ffa9da00000 - 0x00007ffa9dd53000 	C:\Windows\System32\combase.dll
0x00007ffa9bc10000 - 0x00007ffa9bc3e000 	C:\Windows\SYSTEM32\Wldp.dll
0x00007ffa9ebc0000 - 0x00007ffa9ec8d000 	C:\Windows\System32\OLEAUT32.dll
0x00007ffa9eee0000 - 0x00007ffa9ef8d000 	C:\Windows\System32\SHCORE.dll
0x00007ffa9eb60000 - 0x00007ffa9ebb5000 	C:\Windows\System32\shlwapi.dll
0x00007ffa9c960000 - 0x00007ffa9c984000 	C:\Windows\SYSTEM32\profapi.dll
0x00007ffa86c70000 - 0x00007ffa86c88000 	C:\Users\user\.jdks\openjdk-21.0.1\bin\zip.dll
0x00007ffa96fe0000 - 0x00007ffa96ff0000 	C:\Users\user\.jdks\openjdk-21.0.1\bin\net.dll
0x00007ffa96280000 - 0x00007ffa9638d000 	C:\Windows\SYSTEM32\WINHTTP.dll
0x00007ffa9ba80000 - 0x00007ffa9baea000 	C:\Windows\system32\mswsock.dll
0x00007ffa87430000 - 0x00007ffa87446000 	C:\Users\user\.jdks\openjdk-21.0.1\bin\nio.dll
0x00007ffa86c50000 - 0x00007ffa86c6a000 	C:\Program Files\JetBrains\IntelliJ IDEA 2024.2.1\bin\breakgen64.dll
0x00007ffa9b7d0000 - 0x00007ffa9b89a000 	C:\Windows\SYSTEM32\DNSAPI.dll
0x00007ffa9b790000 - 0x00007ffa9b7cb000 	C:\Windows\SYSTEM32\IPHLPAPI.DLL
0x00007ffa9d9c0000 - 0x00007ffa9d9c8000 	C:\Windows\System32\NSI.dll
0x00007ffa96c20000 - 0x00007ffa96c27000 	C:\Users\user\.jdks\openjdk-21.0.1\bin\extnet.dll
0x00007ffa8cc30000 - 0x00007ffa8cc3a000 	C:\Windows\System32\rasadhlp.dll
0x00007ffa915a0000 - 0x00007ffa91620000 	C:\Windows\System32\fwpuclnt.dll
0x00007ffa92d60000 - 0x00007ffa92d6a000 	C:\Users\user\.jdks\openjdk-21.0.1\bin\management.dll
0x00007ffa8d240000 - 0x00007ffa8d24b000 	C:\Users\user\.jdks\openjdk-21.0.1\bin\management_ext.dll
0x00007ffa9ed30000 - 0x00007ffa9ed38000 	C:\Windows\System32\PSAPI.DLL
0x00007ffa9c7a0000 - 0x00007ffa9c7b8000 	C:\Windows\SYSTEM32\CRYPTSP.dll
0x00007ffa9b430000 - 0x00007ffa9b464000 	C:\Windows\system32\rsaenh.dll
0x00007ffa9c920000 - 0x00007ffa9c94e000 	C:\Windows\SYSTEM32\USERENV.dll
0x00007ffa9bd40000 - 0x00007ffa9bd4c000 	C:\Windows\SYSTEM32\CRYPTBASE.dll
0x00007ffa7af70000 - 0x00007ffa7af87000 	C:\Windows\system32\napinsp.dll
0x00007ffa7ae30000 - 0x00007ffa7ae4b000 	C:\Windows\system32\pnrpnsp.dll
0x00007ffa7f660000 - 0x00007ffa7f675000 	C:\Windows\system32\wshbth.dll
0x00007ffa97ec0000 - 0x00007ffa97edd000 	C:\Windows\system32\NLAapi.dll
0x00007ffa7ad40000 - 0x00007ffa7ad52000 	C:\Windows\System32\winrnr.dll
0x00007ffa873d0000 - 0x00007ffa87421000 	C:\Windows\SYSTEM32\pdh.dll
0x00007ffa98f30000 - 0x00007ffa98f3f000 	C:\Windows\System32\perfproc.dll
0x00007ffa874e0000 - 0x00007ffa874ee000 	C:\Users\user\.jdks\openjdk-21.0.1\bin\sunmscapi.dll
0x00007ffa9ca30000 - 0x00007ffa9cb8c000 	C:\Windows\System32\CRYPT32.dll
0x00007ffa9bc80000 - 0x00007ffa9bca7000 	C:\Windows\SYSTEM32\ncrypt.dll
0x00007ffa9bc40000 - 0x00007ffa9bc7b000 	C:\Windows\SYSTEM32\NTASN1.dll
0x00007ffa85300000 - 0x00007ffa85310000 	C:\Users\user\.jdks\openjdk-21.0.1\bin\verify.dll
0x00007ffa84b00000 - 0x00007ffa84b07000 	C:\Windows\system32\wshunix.dll

dbghelp: loaded successfully - version: 4.0.5 - missing functions: none
symbol engine: initialized successfully - sym options: 0x614 - pdb path: .;C:\Users\user\.jdks\openjdk-21.0.1\bin;C:\Windows\SYSTEM32;C:\Windows\WinSxS\amd64_microsoft.windows.common-controls_6595b64144ccf1df_6.0.19041.4355_none_60b8b9eb71f62e16;C:\Users\user\.jdks\openjdk-21.0.1\bin\server;C:\Program Files\JetBrains\IntelliJ IDEA 2024.2.1\bin

VM Arguments:
jvm_args: -XX:TieredStopAtLevel=1 -Dspring.output.ansi.enabled=always -Dcom.sun.management.jmxremote -Dspring.jmx.enabled=true -Dspring.liveBeansView.mbeanDomain -Dspring.application.admin.enabled=true -Dmanagement.endpoints.jmx.exposure.include=* -javaagent:C:\Program Files\JetBrains\IntelliJ IDEA 2024.2.1\lib\idea_rt.jar=57968:C:\Program Files\JetBrains\IntelliJ IDEA 2024.2.1\bin -Dfile.encoding=UTF-8 -Dsun.stdout.encoding=UTF-8 -Dsun.stderr.encoding=UTF-8 
java_command: ru.alex.invoiceApp.InvoiceAppApplication
java_class_path (initial): C:\Users\user\IdeaProjects\invoiceApp\target\classes;C:\Users\user\.m2\repository\org\springframework\boot\spring-boot-starter-data-jpa\3.4.0\spring-boot-starter-data-jpa-3.4.0.jar;C:\Users\user\.m2\repository\org\springframework\boot\spring-boot-starter\3.4.0\spring-boot-starter-3.4.0.jar;C:\Users\user\.m2\repository\org\springframework\boot\spring-boot\3.4.0\spring-boot-3.4.0.jar;C:\Users\user\.m2\repository\org\springframework\boot\spring-boot-autoconfigure\3.4.0\spring-boot-autoconfigure-3.4.0.jar;C:\Users\user\.m2\repository\org\springframework\boot\spring-boot-starter-logging\3.4.0\spring-boot-starter-logging-3.4.0.jar;C:\Users\user\.m2\repository\ch\qos\logback\logback-classic\1.5.12\logback-classic-1.5.12.jar;C:\Users\user\.m2\repository\ch\qos\logback\logback-core\1.5.12\logback-core-1.5.12.jar;C:\Users\user\.m2\repository\org\apache\logging\log4j\log4j-to-slf4j\2.24.1\log4j-to-slf4j-2.24.1.jar;C:\Users\user\.m2\repository\org\apache\logging\log4j\log4j-api\2.24.1\log4j-api-2.24.1.jar;C:\Users\user\.m2\repository\org\slf4j\jul-to-slf4j\2.0.16\jul-to-slf4j-2.0.16.jar;C:\Users\user\.m2\repository\jakarta\annotation\jakarta.annotation-api\2.1.1\jakarta.annotation-api-2.1.1.jar;C:\Users\user\.m2\repository\org\yaml\snakeyaml\2.3\snakeyaml-2.3.jar;C:\Users\user\.m2\repository\org\springframework\boot\spring-boot-starter-jdbc\3.4.0\spring-boot-starter-jdbc-3.4.0.jar;C:\Users\user\.m2\repository\com\zaxxer\HikariCP\5.1.0\HikariCP-5.1.0.jar;C:\Users\user\.m2\repository\org\springframework\spring-jdbc\6.2.0\spring-jdbc-6.2.0.jar;C:\Users\user\.m2\repository\org\hibernate\orm\hibernate-core\6.6.2.Final\hibernate-core-6.6.2.Final.jar;C:\Users\user\.m2\repository\jakarta\persistence\jakarta.persistence-api\3.1.0\jakarta.persistence-api-3.1.0.jar;C:\Users\user\.m2\repository\jakarta\transaction\jakarta.transaction-api\2.0.1\jakarta.transaction-api-2.0.1.jar;C:\Users\user\.m2\repository\org\jboss\logging\jboss-logging\3.6.1.Final\jboss-logging-3.6.1.Final.jar;C:\Users\user\.m2\repository\org\hibernate\common\hibernate-commons-annotations\7.0.3.Final\hibernate-commons-annotations-7.0.3.Final.jar;C:\Users\user\.m2\repository\io\smallrye\jandex\3.2.0\jandex-3.2.0.jar;C:\Users\user\.m2\repository\com\fasterxml\classmate\1.7.0\classmate-1.7.0.jar;C:\Users\user\.m2\repository\net\bytebuddy\byte-buddy\1.15.10\byte-buddy-1.15.10.jar;C:\Users\user\.m2\repository\org\glassfish\jaxb\jaxb-runtime\4.0.5\jaxb-runtime-4.0.5.jar;C:\Users\user\.m2\repository\org\glassfish\jaxb\jaxb-core\4.0.5\jaxb-core-4.0.5.jar;C:\Users\user\.m2\repository\org\eclipse\angus\angus-activation\2.0.2\angus-activation-2.0.2.jar;C:\Users\user\.m2\repository\org\glassfish\jaxb\txw2\4.0.5\txw2-4.0.5.jar;C:\Users\user\.m2\repository\com\sun\istack\istack-commons-runtime\4.1.2\istack-commons-runtime-4.1.2.jar;C:\Users\user\.m2\repository\jakarta\inject\jakarta.inject-api\2.0.1\jakarta.inject-api-2.0.1.jar;C:\Users\user\.m2\repository\org\antlr\antlr4-runtime\4.13.0\antlr4-runtime-4.13.0.jar;C:\Users\user\.m2\repository\org\springframework\data\spring-data-jpa\3.4.0\spring-data-jpa-3.4.0.jar;C:\Users\user\.m2\repository\org\springframework\data\spring-data-commons\3.4.0\spring-data-commons-3.4.0.jar;C:\Users\user\.m2\repository\org\springframework\spring-orm\6.2.0\spring-orm-6.2.0.jar;C:\Users\user\.m2\repository\org\springframework\spring-context\6.2.0\spring-context-6.2.0.jar;C:\Users\user\.m2\repository\org\springframework\spring-aop\6.2.0\spring-aop-6.2.0.jar;C:\Users\user\.m2\repository\org\springframework\spring-tx\6.2.0\spring-tx-6.2.0.jar;C:\Users\user\.m2\repository\org\springframework\spring-beans\6.2.0\spring-beans-6.2.0.jar;C:\Users\user\.m2\repository\org\slf4j\slf4j-api\2.0.16\slf4j-api-2.0.16.jar;C:\Users\user\.m2\repository\org\springframework\spring-aspects\6.2.0\spring-aspects-6.2.0.jar;C:\Users\user\.m2\repository\org\aspectj\aspectjweaver\1.9.22.1\aspectjweaver-1.9.22.1.jar;C:\Users\user\.m2\repository\org\springframework\boot\spring-boot-starter-thymeleaf\3.4.0\spring-boot-starter-thymeleaf-3.4.0.jar;C:\Users\user\.m2\repository\org\thymeleaf\thymeleaf-spring6\3.1.2.RELEASE\thymeleaf-spring6-3.1.2.RELEASE.jar;C:\Users\user\.m2\repository\org\thymeleaf\thymeleaf\3.1.2.RELEASE\thymeleaf-3.1.2.RELEASE.jar;C:\Users\user\.m2\repository\org\attoparser\attoparser\2.0.7.RELEASE\attoparser-2.0.7.RELEASE.jar;C:\Users\user\.m2\repository\org\unbescape\unbescape\1.1.6.RELEASE\unbescape-1.1.6.RELEASE.jar;C:\Users\user\.m2\repository\org\springframework\boot\spring-boot-starter-validation\3.4.0\spring-boot-starter-validation-3.4.0.jar;C:\Users\user\.m2\repository\org\apache\tomcat\embed\tomcat-embed-el\10.1.33\tomcat-embed-el-10.1.33.jar;C:\Users\user\.m2\repository\org\hibernate\validator\hibernate-validator\8.0.1.Final\hibernate-validator-8.0.1.Final.jar;C:\Users\user\.m2\repository\jakarta\validation\jakarta.validation-api\3.0.2\jakarta.validation-api-3.0.2.jar;C:\Users\user\.m2\repository\org\springframework\boot\spring-boot-starter-web\3.4.0\spring-boot-starter-web-3.4.0.jar;C:\Users\user\.m2\repository\org\springframework\boot\spring-boot-starter-json\3.4.0\spring-boot-starter-json-3.4.0.jar;C:\Users\user\.m2\repository\com\fasterxml\jackson\core\jackson-databind\2.18.1\jackson-databind-2.18.1.jar;C:\Users\user\.m2\repository\com\fasterxml\jackson\core\jackson-annotations\2.18.1\jackson-annotations-2.18.1.jar;C:\Users\user\.m2\repository\com\fasterxml\jackson\core\jackson-core\2.18.1\jackson-core-2.18.1.jar;C:\Users\user\.m2\repository\com\fasterxml\jackson\datatype\jackson-datatype-jdk8\2.18.1\jackson-datatype-jdk8-2.18.1.jar;C:\Users\user\.m2\repository\com\fasterxml\jackson\datatype\jackson-datatype-jsr310\2.18.1\jackson-datatype-jsr310-2.18.1.jar;C:\Users\user\.m2\repository\com\fasterxml\jackson\module\jackson-module-parameter-names\2.18.1\jackson-module-parameter-names-2.18.1.jar;C:\Users\user\.m2\repository\org\springframework\boot\spring-boot-starter-tomcat\3.4.0\spring-boot-starter-tomcat-3.4.0.jar;C:\Users\user\.m2\repository\org\apache\tomcat\embed\tomcat-embed-core\10.1.33\tomcat-embed-core-10.1.33.jar;C:\Users\user\.m2\repository\org\apache\tomcat\embed\tomcat-embed-websocket\10.1.33\tomcat-embed-websocket-10.1.33.jar;C:\Users\user\.m2\repository\org\springframework\spring-web\6.2.0\spring-web-6.2.0.jar;C:\Users\user\.m2\repository\io\micrometer\micrometer-observation\1.14.1\micrometer-observation-1.14.1.jar;C:\Users\user\.m2\repository\io\micrometer\micrometer-commons\1.14.1\micrometer-commons-1.14.1.jar;C:\Users\user\.m2\repository\org\springframework\spring-webmvc\6.2.0\spring-webmvc-6.2.0.jar;C:\Users\user\.m2\repository\org\springframework\spring-expression\6.2.0\spring-expression-6.2.0.jar;C:\Users\user\.m2\repository\com\mysql\mysql-connector-j\9.1.0\mysql-connector-j-9.1.0.jar;C:\Users\user\.m2\repository\org\projectlombok\lombok\1.18.36\lombok-1.18.36.jar;C:\Users\user\.m2\repository\jakarta\xml\bind\jakarta.xml.bind-api\4.0.2\jakarta.xml.bind-api-4.0.2.jar;C:\Users\user\.m2\repository\jakarta\activation\jakarta.activation-api\2.1.3\jakarta.activation-api-2.1.3.jar;C:\Users\user\.m2\repository\org\springframework\spring-core\6.2.0\spring-core-6.2.0.jar;C:\Users\user\.m2\repository\org\springframework\spring-jcl\6.2.0\spring-jcl-6.2.0.jar
Launcher Type: SUN_STANDARD

[Global flags]
     intx CICompilerCount                          = 12                                        {product} {ergonomic}
     uint ConcGCThreads                            = 3                                         {product} {ergonomic}
     uint G1ConcRefinementThreads                  = 13                                        {product} {ergonomic}
   size_t G1HeapRegionSize                         = 2097152                                   {product} {ergonomic}
    uintx GCDrainStackTargetSize                   = 64                                        {product} {ergonomic}
   size_t InitialHeapSize                          = 268435456                                 {product} {ergonomic}
     bool ManagementServer                         = true                                      {product} {command line}
   size_t MarkStackSize                            = 4194304                                   {product} {ergonomic}
   size_t MaxHeapSize                              = 4282384384                                {product} {ergonomic}
   size_t MaxNewSize                               = 2569011200                                {product} {ergonomic}
   size_t MinHeapDeltaBytes                        = 2097152                                   {product} {ergonomic}
   size_t MinHeapSize                              = 8388608                                   {product} {ergonomic}
    uintx NonNMethodCodeHeapSize                   = 4096                                   {pd product} {ergonomic}
    uintx NonProfiledCodeHeapSize                  = 0                                      {pd product} {ergonomic}
     bool ProfileInterpreter                       = false                                  {pd product} {command line}
    uintx ProfiledCodeHeapSize                     = 0                                      {pd product} {ergonomic}
   size_t SoftMaxHeapSize                          = 4282384384                             {manageable} {ergonomic}
     intx TieredStopAtLevel                        = 1                                         {product} {command line}
     bool UseCompressedOops                        = true                           {product lp64_product} {ergonomic}
     bool UseG1GC                                  = true                                      {product} {ergonomic}
     bool UseLargePagesIndividualAllocation        = false                                  {pd product} {ergonomic}

Logging:
Log output configuration:
 #0: stdout all=warning uptime,level,tags foldmultilines=false
 #1: stderr all=off uptime,level,tags foldmultilines=false

Environment Variables:
JAVA_HOME=C:\Program Files\Java\jdk-11
PATH=C:\Windows\system32;C:\Windows;C:\Windows\System32\Wbem;C:\Windows\System32\WindowsPowerShell\v1.0\;C:\Windows\System32\OpenSSH\;C:\Program Files\Git\cmd;%MAVEN_HOME%\bin;C:\Program Files (x86)\dotnet\;C:\Users\user\AppData\Local\Microsoft\WindowsApps;;C:\Users\user\AppData\Local\Programs\Microsoft VS Code\bin;C:\Program Files\JetBrains\IntelliJ IDEA Community Edition 2024.1\bin;;C:\Program Files\JetBrains\IntelliJ IDEA 2024.2.1\bin;
USERNAME=user
OS=Windows_NT
PROCESSOR_IDENTIFIER=AMD64 Family 23 Model 8 Stepping 2, AuthenticAMD
TMP=C:\Users\user\AppData\Local\Temp
TEMP=C:\Users\user\AppData\Local\Temp




Periodic native trim disabled

---------------  S Y S T E M  ---------------

OS:
 Windows 10 , 64 bit Build 19041 (10.0.19041.5072)
OS uptime: 3 days 21:01 hours

CPU: total 16 (initial active 16) (16 cores per cpu, 2 threads per core) family 23 model 8 stepping 2 microcode 0x0, cx8, cmov, fxsr, ht, mmx, 3dnowpref, sse, sse2, sse3, ssse3, sse4a, sse4.1, sse4.2, popcnt, lzcnt, tsc, tscinvbit, avx, avx2, aes, clmul, bmi1, bmi2, adx, sha, fma, vzeroupper, clflush, clflushopt, rdtscp, f16c
Processor Information for processor 0
  Max Mhz: 3700, Current Mhz: 2200, Mhz Limit: 3700
Processor Information for processor 1
  Max Mhz: 3700, Current Mhz: 2200, Mhz Limit: 3700
Processor Information for processor 2
  Max Mhz: 3700, Current Mhz: 2200, Mhz Limit: 3700
Processor Information for processor 3
  Max Mhz: 3700, Current Mhz: 2200, Mhz Limit: 3700
Processor Information for processor 4
  Max Mhz: 3700, Current Mhz: 2200, Mhz Limit: 3700
Processor Information for processor 5
  Max Mhz: 3700, Current Mhz: 2200, Mhz Limit: 3700
Processor Information for processor 6
  Max Mhz: 3700, Current Mhz: 3700, Mhz Limit: 3700
Processor Information for processor 7
  Max Mhz: 3700, Current Mhz: 3700, Mhz Limit: 3700
Processor Information for processor 8
  Max Mhz: 3700, Current Mhz: 2200, Mhz Limit: 3700
Processor Information for processor 9
  Max Mhz: 3700, Current Mhz: 2200, Mhz Limit: 3700
Processor Information for processor 10
  Max Mhz: 3700, Current Mhz: 2200, Mhz Limit: 3700
Processor Information for processor 11
  Max Mhz: 3700, Current Mhz: 2200, Mhz Limit: 3700
Processor Information for processor 12
  Max Mhz: 3700, Current Mhz: 2200, Mhz Limit: 3700
Processor Information for processor 13
  Max Mhz: 3700, Current Mhz: 2200, Mhz Limit: 3700
Processor Information for processor 14
  Max Mhz: 3700, Current Mhz: 3700, Mhz Limit: 3700
Processor Information for processor 15
  Max Mhz: 3700, Current Mhz: 3700, Mhz Limit: 3700

Memory: 4k page, system-wide physical 16328M (7676M free)
TotalPageFile size 18760M (AvailPageFile size 5883M)
current process WorkingSet (physical memory assigned to process): 54M, peak: 253M
current process commit charge ("private bytes"): 303M, peak: 397M

vm_info: OpenJDK 64-Bit Server VM (21.0.1+12-29) for windows-amd64 JRE (21.0.1+12-29), built on 2023-10-05T13:27:09Z by "mach5one" with MS VC++ 17.1 (VS2022)

END.
